2018-03-15 13:54:34 [main] INFO  Q_AND_A.QAndAApplication - Starting QAndAApplication on Mango-PC with PID 5768 (C:\Users\Mango\git\QNA\Q_AND_A\target\classes started by Mango in C:\Users\Mango\git\QNA\Q_AND_A)
2018-03-15 13:54:34 [main] INFO  Q_AND_A.QAndAApplication - No active profile set, falling back to default profiles: default
2018-03-15 13:54:34 [main] INFO  o.s.b.c.e.AnnotationConfigEmbeddedWebApplicationContext - Refreshing org.springframework.boot.context.embedded.AnnotationConfigEmbeddedWebApplicationContext@7692d9cc: startup date [Thu Mar 15 13:54:34 KST 2018]; root of context hierarchy
2018-03-15 13:54:37 [main] INFO  o.s.b.c.e.t.TomcatEmbeddedServletContainer - Tomcat initialized with port(s): 9999 (http)
2018-03-15 13:54:37 [main] INFO  o.a.catalina.core.StandardService - Starting service [Tomcat]
2018-03-15 13:54:37 [main] INFO  o.a.catalina.core.StandardEngine - Starting Servlet Engine: Apache Tomcat/8.5.15
2018-03-15 13:54:37 [localhost-startStop-1] INFO  o.a.c.c.C.[.[localhost].[/qanda] - Initializing Spring embedded WebApplicationContext
2018-03-15 13:54:37 [localhost-startStop-1] INFO  o.s.web.context.ContextLoader - Root WebApplicationContext: initialization completed in 3183 ms
2018-03-15 13:54:38 [localhost-startStop-1] INFO  o.s.b.w.s.FilterRegistrationBean - Mapping filter: 'characterEncodingFilter' to: [/*]
2018-03-15 13:54:38 [localhost-startStop-1] INFO  o.s.b.w.s.FilterRegistrationBean - Mapping filter: 'hiddenHttpMethodFilter' to: [/*]
2018-03-15 13:54:38 [localhost-startStop-1] INFO  o.s.b.w.s.FilterRegistrationBean - Mapping filter: 'httpPutFormContentFilter' to: [/*]
2018-03-15 13:54:38 [localhost-startStop-1] INFO  o.s.b.w.s.FilterRegistrationBean - Mapping filter: 'requestContextFilter' to: [/*]
2018-03-15 13:54:38 [localhost-startStop-1] INFO  o.s.b.w.s.DelegatingFilterProxyRegistrationBean - Mapping filter: 'springSecurityFilterChain' to: [/*]
2018-03-15 13:54:38 [localhost-startStop-1] INFO  o.s.b.w.s.ServletRegistrationBean - Mapping servlet: 'dispatcherServlet' to [/]
2018-03-15 13:54:39 [main] INFO  o.s.w.s.m.m.a.RequestMappingHandlerAdapter - Looking for @ControllerAdvice: org.springframework.boot.context.embedded.AnnotationConfigEmbeddedWebApplicationContext@7692d9cc: startup date [Thu Mar 15 13:54:34 KST 2018]; root of context hierarchy
2018-03-15 13:54:39 [main] INFO  o.s.w.s.m.m.a.RequestMappingHandlerMapping - Mapped "{[/Article/teach],methods=[GET]}" onto public java.lang.String Q_AND_A.kh.com.controllers.QnAControllers.QnATeach(javax.servlet.http.HttpServletRequest)
2018-03-15 13:54:39 [main] INFO  o.s.w.s.m.m.a.RequestMappingHandlerMapping - Mapped "{[/error]}" onto public org.springframework.http.ResponseEntity<java.util.Map<java.lang.String, java.lang.Object>> org.springframework.boot.autoconfigure.web.BasicErrorController.error(javax.servlet.http.HttpServletRequest)
2018-03-15 13:54:39 [main] INFO  o.s.w.s.m.m.a.RequestMappingHandlerMapping - Mapped "{[/error],produces=[text/html]}" onto public org.springframework.web.servlet.ModelAndView org.springframework.boot.autoconfigure.web.BasicErrorController.errorHtml(javax.servlet.http.HttpServletRequest,javax.servlet.http.HttpServletResponse)
2018-03-15 13:54:39 [main] INFO  o.s.w.s.h.SimpleUrlHandlerMapping - Root mapping to handler of type [class org.springframework.web.servlet.mvc.ParameterizableViewController]
2018-03-15 13:54:39 [main] INFO  o.s.w.s.h.SimpleUrlHandlerMapping - Mapped URL path [/login/auth] onto handler of type [class org.springframework.web.servlet.mvc.ParameterizableViewController]
2018-03-15 13:54:39 [main] INFO  o.s.w.s.h.SimpleUrlHandlerMapping - Mapped URL path [/resources/**] onto handler of type [class org.springframework.web.servlet.resource.ResourceHttpRequestHandler]
2018-03-15 13:54:39 [main] INFO  o.s.w.s.h.SimpleUrlHandlerMapping - Mapped URL path [/webjars/**] onto handler of type [class org.springframework.web.servlet.resource.ResourceHttpRequestHandler]
2018-03-15 13:54:39 [main] INFO  o.s.w.s.h.SimpleUrlHandlerMapping - Mapped URL path [/**] onto handler of type [class org.springframework.web.servlet.resource.ResourceHttpRequestHandler]
2018-03-15 13:54:39 [main] INFO  o.s.w.s.h.SimpleUrlHandlerMapping - Mapped URL path [/**/favicon.ico] onto handler of type [class org.springframework.web.servlet.resource.ResourceHttpRequestHandler]
2018-03-15 13:54:40 [main] INFO  o.s.b.a.s.AuthenticationManagerConfiguration - 

Using default security password: 0a6306fd-b256-44ed-941e-590ba9838ebb

2018-03-15 13:54:40 [main] INFO  o.s.s.web.DefaultSecurityFilterChain - Creating filter chain: OrRequestMatcher [requestMatchers=[Ant [pattern='/css/**'], Ant [pattern='/js/**'], Ant [pattern='/images/**'], Ant [pattern='/webjars/**'], Ant [pattern='/**/favicon.ico'], Ant [pattern='/error']]], []
2018-03-15 13:54:40 [main] INFO  o.s.s.web.DefaultSecurityFilterChain - Creating filter chain: Ant [pattern='/resources/**'], []
2018-03-15 13:54:40 [main] INFO  o.s.s.web.DefaultSecurityFilterChain - Creating filter chain: Ant [pattern='/static/**'], []
2018-03-15 13:54:40 [main] INFO  o.s.s.web.DefaultSecurityFilterChain - Creating filter chain: org.springframework.security.web.util.matcher.AnyRequestMatcher@1, [org.springframework.security.web.context.request.async.WebAsyncManagerIntegrationFilter@2149594a, org.springframework.security.web.context.SecurityContextPersistenceFilter@650ae78c, org.springframework.security.web.header.HeaderWriterFilter@5c83ae01, org.springframework.security.web.csrf.CsrfFilter@3fd9e827, org.springframework.security.web.authentication.logout.LogoutFilter@26fb4d06, org.springframework.security.web.authentication.UsernamePasswordAuthenticationFilter@6b6b3572, org.springframework.security.web.savedrequest.RequestCacheAwareFilter@79c5460e, org.springframework.security.web.servletapi.SecurityContextHolderAwareRequestFilter@7f37b6d9, org.springframework.security.web.authentication.AnonymousAuthenticationFilter@1f1e58ca, org.springframework.security.web.session.SessionManagementFilter@69d45cca, org.springframework.security.web.access.ExceptionTranslationFilter@5ec5ea63, org.springframework.security.web.access.intercept.FilterSecurityInterceptor@4b0b64cc]
2018-03-15 13:54:40 [main] INFO  o.s.s.web.DefaultSecurityFilterChain - Creating filter chain: org.springframework.boot.autoconfigure.security.SpringBootWebSecurityConfiguration$ApplicationNoWebSecurityConfigurerAdapter$1@77c233af, [org.springframework.security.web.context.request.async.WebAsyncManagerIntegrationFilter@37b56ac7, org.springframework.security.web.context.SecurityContextPersistenceFilter@6c6017b9, org.springframework.security.web.header.HeaderWriterFilter@4afbb6c2, org.springframework.security.web.csrf.CsrfFilter@380e1909, org.springframework.security.web.authentication.logout.LogoutFilter@1b7332a7, org.springframework.security.web.savedrequest.RequestCacheAwareFilter@4730e0f0, org.springframework.security.web.servletapi.SecurityContextHolderAwareRequestFilter@506a1372, org.springframework.security.web.authentication.AnonymousAuthenticationFilter@37c41ec0, org.springframework.security.web.session.SessionManagementFilter@10db6131, org.springframework.security.web.access.ExceptionTranslationFilter@2f521c4]
2018-03-15 13:54:41 [main] INFO  o.s.j.e.a.AnnotationMBeanExporter - Registering beans for JMX exposure on startup
2018-03-15 13:54:41 [main] INFO  o.s.b.c.e.t.TomcatEmbeddedServletContainer - Tomcat started on port(s): 9999 (http)
2018-03-15 13:54:41 [main] INFO  Q_AND_A.QAndAApplication - Started QAndAApplication in 8.04 seconds (JVM running for 8.992)
2018-03-15 13:55:54 [RMI TCP Connection(2)-127.0.0.1] INFO  o.s.b.a.SpringApplicationAdminMXBeanRegistrar$SpringApplicationAdmin - Application shutdown requested.
2018-03-15 13:55:54 [RMI TCP Connection(2)-127.0.0.1] INFO  o.s.b.c.e.AnnotationConfigEmbeddedWebApplicationContext - Closing org.springframework.boot.context.embedded.AnnotationConfigEmbeddedWebApplicationContext@7692d9cc: startup date [Thu Mar 15 13:54:34 KST 2018]; root of context hierarchy
2018-03-15 13:55:54 [RMI TCP Connection(2)-127.0.0.1] INFO  o.s.j.e.a.AnnotationMBeanExporter - Unregistering JMX-exposed beans on shutdown
