2018-03-15 13:55:58 [main] INFO  Q_AND_A.QAndAApplication - Starting QAndAApplication on Mango-PC with PID 12348 (C:\Users\Mango\git\QNA\Q_AND_A\target\classes started by Mango in C:\Users\Mango\git\QNA\Q_AND_A)
2018-03-15 13:55:58 [main] INFO  Q_AND_A.QAndAApplication - No active profile set, falling back to default profiles: default
2018-03-15 13:55:58 [main] INFO  o.s.b.c.e.AnnotationConfigEmbeddedWebApplicationContext - Refreshing org.springframework.boot.context.embedded.AnnotationConfigEmbeddedWebApplicationContext@7692d9cc: startup date [Thu Mar 15 13:55:58 KST 2018]; root of context hierarchy
2018-03-15 13:56:01 [main] INFO  o.s.b.c.e.t.TomcatEmbeddedServletContainer - Tomcat initialized with port(s): 9999 (http)
2018-03-15 13:56:02 [main] INFO  o.a.catalina.core.StandardService - Starting service [Tomcat]
2018-03-15 13:56:02 [main] INFO  o.a.catalina.core.StandardEngine - Starting Servlet Engine: Apache Tomcat/8.5.15
2018-03-15 13:56:02 [localhost-startStop-1] INFO  o.a.c.c.C.[.[localhost].[/qanda] - Initializing Spring embedded WebApplicationContext
2018-03-15 13:56:02 [localhost-startStop-1] INFO  o.s.web.context.ContextLoader - Root WebApplicationContext: initialization completed in 3545 ms
2018-03-15 13:56:02 [localhost-startStop-1] INFO  o.s.b.w.s.FilterRegistrationBean - Mapping filter: 'characterEncodingFilter' to: [/*]
2018-03-15 13:56:02 [localhost-startStop-1] INFO  o.s.b.w.s.FilterRegistrationBean - Mapping filter: 'hiddenHttpMethodFilter' to: [/*]
2018-03-15 13:56:02 [localhost-startStop-1] INFO  o.s.b.w.s.FilterRegistrationBean - Mapping filter: 'httpPutFormContentFilter' to: [/*]
2018-03-15 13:56:02 [localhost-startStop-1] INFO  o.s.b.w.s.FilterRegistrationBean - Mapping filter: 'requestContextFilter' to: [/*]
2018-03-15 13:56:02 [localhost-startStop-1] INFO  o.s.b.w.s.DelegatingFilterProxyRegistrationBean - Mapping filter: 'springSecurityFilterChain' to: [/*]
2018-03-15 13:56:02 [localhost-startStop-1] INFO  o.s.b.w.s.ServletRegistrationBean - Mapping servlet: 'dispatcherServlet' to [/]
2018-03-15 13:56:04 [main] INFO  o.s.w.s.m.m.a.RequestMappingHandlerAdapter - Looking for @ControllerAdvice: org.springframework.boot.context.embedded.AnnotationConfigEmbeddedWebApplicationContext@7692d9cc: startup date [Thu Mar 15 13:55:58 KST 2018]; root of context hierarchy
2018-03-15 13:56:04 [main] INFO  o.s.w.s.m.m.a.RequestMappingHandlerMapping - Mapped "{[/Article/teach],methods=[GET]}" onto public java.lang.String Q_AND_A.kh.com.controllers.QnAControllers.QnATeach(javax.servlet.http.HttpServletRequest)
2018-03-15 13:56:04 [main] INFO  o.s.w.s.m.m.a.RequestMappingHandlerMapping - Mapped "{[/error]}" onto public org.springframework.http.ResponseEntity<java.util.Map<java.lang.String, java.lang.Object>> org.springframework.boot.autoconfigure.web.BasicErrorController.error(javax.servlet.http.HttpServletRequest)
2018-03-15 13:56:04 [main] INFO  o.s.w.s.m.m.a.RequestMappingHandlerMapping - Mapped "{[/error],produces=[text/html]}" onto public org.springframework.web.servlet.ModelAndView org.springframework.boot.autoconfigure.web.BasicErrorController.errorHtml(javax.servlet.http.HttpServletRequest,javax.servlet.http.HttpServletResponse)
2018-03-15 13:56:04 [main] INFO  o.s.w.s.h.SimpleUrlHandlerMapping - Root mapping to handler of type [class org.springframework.web.servlet.mvc.ParameterizableViewController]
2018-03-15 13:56:04 [main] INFO  o.s.w.s.h.SimpleUrlHandlerMapping - Mapped URL path [/login/auth] onto handler of type [class org.springframework.web.servlet.mvc.ParameterizableViewController]
2018-03-15 13:56:04 [main] INFO  o.s.w.s.h.SimpleUrlHandlerMapping - Mapped URL path [/resources/**] onto handler of type [class org.springframework.web.servlet.resource.ResourceHttpRequestHandler]
2018-03-15 13:56:04 [main] INFO  o.s.w.s.h.SimpleUrlHandlerMapping - Mapped URL path [/webjars/**] onto handler of type [class org.springframework.web.servlet.resource.ResourceHttpRequestHandler]
2018-03-15 13:56:04 [main] INFO  o.s.w.s.h.SimpleUrlHandlerMapping - Mapped URL path [/**] onto handler of type [class org.springframework.web.servlet.resource.ResourceHttpRequestHandler]
2018-03-15 13:56:04 [main] INFO  o.s.w.s.h.SimpleUrlHandlerMapping - Mapped URL path [/**/favicon.ico] onto handler of type [class org.springframework.web.servlet.resource.ResourceHttpRequestHandler]
2018-03-15 13:56:05 [main] INFO  o.s.b.a.s.AuthenticationManagerConfiguration - 

Using default security password: 7dfcf5a8-e107-4d3a-8ba6-6d84a435ba80

2018-03-15 13:56:05 [main] INFO  o.s.s.web.DefaultSecurityFilterChain - Creating filter chain: OrRequestMatcher [requestMatchers=[Ant [pattern='/css/**'], Ant [pattern='/js/**'], Ant [pattern='/images/**'], Ant [pattern='/webjars/**'], Ant [pattern='/**/favicon.ico'], Ant [pattern='/error']]], []
2018-03-15 13:56:05 [main] INFO  o.s.s.web.DefaultSecurityFilterChain - Creating filter chain: Ant [pattern='/resources/**'], []
2018-03-15 13:56:05 [main] INFO  o.s.s.web.DefaultSecurityFilterChain - Creating filter chain: Ant [pattern='/static/**'], []
2018-03-15 13:56:05 [main] INFO  o.s.s.web.DefaultSecurityFilterChain - Creating filter chain: org.springframework.security.web.util.matcher.AnyRequestMatcher@1, [org.springframework.security.web.context.request.async.WebAsyncManagerIntegrationFilter@4afbb6c2, org.springframework.security.web.context.SecurityContextPersistenceFilter@1b495d4, org.springframework.security.web.header.HeaderWriterFilter@4f94e148, org.springframework.security.web.csrf.CsrfFilter@6c5ddccd, org.springframework.security.web.authentication.logout.LogoutFilter@4d266391, org.springframework.security.web.authentication.UsernamePasswordAuthenticationFilter@553bc36c, org.springframework.security.web.savedrequest.RequestCacheAwareFilter@7f37b6d9, org.springframework.security.web.servletapi.SecurityContextHolderAwareRequestFilter@2d38edfd, org.springframework.security.web.authentication.AnonymousAuthenticationFilter@10db6131, org.springframework.security.web.session.SessionManagementFilter@2cde651b, org.springframework.security.web.access.ExceptionTranslationFilter@2e73d5eb, org.springframework.security.web.access.intercept.FilterSecurityInterceptor@597f0937]
2018-03-15 13:56:05 [main] INFO  o.s.s.web.DefaultSecurityFilterChain - Creating filter chain: org.springframework.boot.autoconfigure.security.SpringBootWebSecurityConfiguration$ApplicationNoWebSecurityConfigurerAdapter$1@b34832b, [org.springframework.security.web.context.request.async.WebAsyncManagerIntegrationFilter@48f4713c, org.springframework.security.web.context.SecurityContextPersistenceFilter@4fe64d23, org.springframework.security.web.header.HeaderWriterFilter@35a0e495, org.springframework.security.web.csrf.CsrfFilter@1b7332a7, org.springframework.security.web.authentication.logout.LogoutFilter@76464795, org.springframework.security.web.savedrequest.RequestCacheAwareFilter@58437801, org.springframework.security.web.servletapi.SecurityContextHolderAwareRequestFilter@6af5bbd0, org.springframework.security.web.authentication.AnonymousAuthenticationFilter@f1868c9, org.springframework.security.web.session.SessionManagementFilter@5399f6c5, org.springframework.security.web.access.ExceptionTranslationFilter@37c41ec0]
2018-03-15 13:56:06 [main] INFO  o.s.j.e.a.AnnotationMBeanExporter - Registering beans for JMX exposure on startup
2018-03-15 13:56:06 [main] INFO  o.s.b.c.e.t.TomcatEmbeddedServletContainer - Tomcat started on port(s): 9999 (http)
2018-03-15 13:56:06 [main] INFO  Q_AND_A.QAndAApplication - Started QAndAApplication in 8.739 seconds (JVM running for 9.668)
2018-03-15 14:04:04 [RMI TCP Connection(2)-127.0.0.1] INFO  o.s.b.a.SpringApplicationAdminMXBeanRegistrar$SpringApplicationAdmin - Application shutdown requested.
2018-03-15 14:04:04 [RMI TCP Connection(2)-127.0.0.1] INFO  o.s.b.c.e.AnnotationConfigEmbeddedWebApplicationContext - Closing org.springframework.boot.context.embedded.AnnotationConfigEmbeddedWebApplicationContext@7692d9cc: startup date [Thu Mar 15 13:55:58 KST 2018]; root of context hierarchy
2018-03-15 14:04:04 [RMI TCP Connection(2)-127.0.0.1] INFO  o.s.j.e.a.AnnotationMBeanExporter - Unregistering JMX-exposed beans on shutdown
2018-03-15 14:04:13 [main] INFO  Q_AND_A.QAndAApplication - Starting QAndAApplication on Mango-PC with PID 12336 (C:\Users\Mango\git\QNA\Q_AND_A\target\classes started by Mango in C:\Users\Mango\git\QNA\Q_AND_A)
2018-03-15 14:04:13 [main] INFO  Q_AND_A.QAndAApplication - No active profile set, falling back to default profiles: default
2018-03-15 14:04:13 [main] INFO  o.s.b.c.e.AnnotationConfigEmbeddedWebApplicationContext - Refreshing org.springframework.boot.context.embedded.AnnotationConfigEmbeddedWebApplicationContext@2fd6b6c7: startup date [Thu Mar 15 14:04:13 KST 2018]; root of context hierarchy
2018-03-15 14:04:16 [main] INFO  o.s.b.c.e.t.TomcatEmbeddedServletContainer - Tomcat initialized with port(s): 9999 (http)
2018-03-15 14:04:16 [main] INFO  o.a.catalina.core.StandardService - Starting service [Tomcat]
2018-03-15 14:04:16 [main] INFO  o.a.catalina.core.StandardEngine - Starting Servlet Engine: Apache Tomcat/8.5.15
2018-03-15 14:04:16 [localhost-startStop-1] INFO  o.a.c.c.C.[.[localhost].[/qanda] - Initializing Spring embedded WebApplicationContext
2018-03-15 14:04:16 [localhost-startStop-1] INFO  o.s.web.context.ContextLoader - Root WebApplicationContext: initialization completed in 3010 ms
2018-03-15 14:04:17 [localhost-startStop-1] INFO  o.s.b.w.s.FilterRegistrationBean - Mapping filter: 'characterEncodingFilter' to: [/*]
2018-03-15 14:04:17 [localhost-startStop-1] INFO  o.s.b.w.s.FilterRegistrationBean - Mapping filter: 'hiddenHttpMethodFilter' to: [/*]
2018-03-15 14:04:17 [localhost-startStop-1] INFO  o.s.b.w.s.FilterRegistrationBean - Mapping filter: 'httpPutFormContentFilter' to: [/*]
2018-03-15 14:04:17 [localhost-startStop-1] INFO  o.s.b.w.s.FilterRegistrationBean - Mapping filter: 'requestContextFilter' to: [/*]
2018-03-15 14:04:17 [localhost-startStop-1] INFO  o.s.b.w.s.DelegatingFilterProxyRegistrationBean - Mapping filter: 'springSecurityFilterChain' to: [/*]
2018-03-15 14:04:17 [localhost-startStop-1] INFO  o.s.b.w.s.ServletRegistrationBean - Mapping servlet: 'dispatcherServlet' to [/]
2018-03-15 14:04:18 [main] INFO  o.s.w.s.m.m.a.RequestMappingHandlerAdapter - Looking for @ControllerAdvice: org.springframework.boot.context.embedded.AnnotationConfigEmbeddedWebApplicationContext@2fd6b6c7: startup date [Thu Mar 15 14:04:13 KST 2018]; root of context hierarchy
2018-03-15 14:04:18 [main] INFO  o.s.w.s.m.m.a.RequestMappingHandlerMapping - Mapped "{[/Article/teach],methods=[GET]}" onto public java.lang.String Q_AND_A.kh.com.controllers.QnAControllers.QnATeach(javax.servlet.http.HttpServletRequest)
2018-03-15 14:04:18 [main] INFO  o.s.w.s.m.m.a.RequestMappingHandlerMapping - Mapped "{[/error]}" onto public org.springframework.http.ResponseEntity<java.util.Map<java.lang.String, java.lang.Object>> org.springframework.boot.autoconfigure.web.BasicErrorController.error(javax.servlet.http.HttpServletRequest)
2018-03-15 14:04:18 [main] INFO  o.s.w.s.m.m.a.RequestMappingHandlerMapping - Mapped "{[/error],produces=[text/html]}" onto public org.springframework.web.servlet.ModelAndView org.springframework.boot.autoconfigure.web.BasicErrorController.errorHtml(javax.servlet.http.HttpServletRequest,javax.servlet.http.HttpServletResponse)
2018-03-15 14:04:18 [main] INFO  o.s.w.s.h.SimpleUrlHandlerMapping - Root mapping to handler of type [class org.springframework.web.servlet.mvc.ParameterizableViewController]
2018-03-15 14:04:18 [main] INFO  o.s.w.s.h.SimpleUrlHandlerMapping - Mapped URL path [/login/auth] onto handler of type [class org.springframework.web.servlet.mvc.ParameterizableViewController]
2018-03-15 14:04:18 [main] INFO  o.s.w.s.h.SimpleUrlHandlerMapping - Mapped URL path [/resources/**] onto handler of type [class org.springframework.web.servlet.resource.ResourceHttpRequestHandler]
2018-03-15 14:04:18 [main] INFO  o.s.w.s.h.SimpleUrlHandlerMapping - Mapped URL path [/webjars/**] onto handler of type [class org.springframework.web.servlet.resource.ResourceHttpRequestHandler]
2018-03-15 14:04:18 [main] INFO  o.s.w.s.h.SimpleUrlHandlerMapping - Mapped URL path [/**] onto handler of type [class org.springframework.web.servlet.resource.ResourceHttpRequestHandler]
2018-03-15 14:04:19 [main] INFO  o.s.w.s.h.SimpleUrlHandlerMapping - Mapped URL path [/**/favicon.ico] onto handler of type [class org.springframework.web.servlet.resource.ResourceHttpRequestHandler]
2018-03-15 14:04:19 [main] INFO  o.s.b.a.s.AuthenticationManagerConfiguration - 

Using default security password: a356ffcc-d7fd-47cb-9758-387ae4b02f20

2018-03-15 14:04:19 [main] INFO  o.s.s.web.DefaultSecurityFilterChain - Creating filter chain: OrRequestMatcher [requestMatchers=[Ant [pattern='/css/**'], Ant [pattern='/js/**'], Ant [pattern='/images/**'], Ant [pattern='/webjars/**'], Ant [pattern='/**/favicon.ico'], Ant [pattern='/error']]], []
2018-03-15 14:04:19 [main] INFO  o.s.s.web.DefaultSecurityFilterChain - Creating filter chain: Ant [pattern='/resources/**'], []
2018-03-15 14:04:19 [main] INFO  o.s.s.web.DefaultSecurityFilterChain - Creating filter chain: Ant [pattern='/static/**'], []
2018-03-15 14:04:20 [main] INFO  o.s.s.web.DefaultSecurityFilterChain - Creating filter chain: org.springframework.security.web.util.matcher.AnyRequestMatcher@1, [org.springframework.security.web.context.request.async.WebAsyncManagerIntegrationFilter@63538bb4, org.springframework.security.web.context.SecurityContextPersistenceFilter@41853299, org.springframework.security.web.header.HeaderWriterFilter@78e17a99, org.springframework.security.web.csrf.CsrfFilter@7ff8a9dc, org.springframework.security.web.authentication.logout.LogoutFilter@1df1ced0, org.springframework.security.web.authentication.UsernamePasswordAuthenticationFilter@642413d4, org.springframework.security.web.savedrequest.RequestCacheAwareFilter@2e5b7fba, org.springframework.security.web.servletapi.SecurityContextHolderAwareRequestFilter@7d7cac8, org.springframework.security.web.authentication.AnonymousAuthenticationFilter@24534cb0, org.springframework.security.web.session.SessionManagementFilter@41dc0598, org.springframework.security.web.access.ExceptionTranslationFilter@4d266391, org.springframework.security.web.access.intercept.FilterSecurityInterceptor@37c41ec0]
2018-03-15 14:04:20 [main] INFO  o.s.s.web.DefaultSecurityFilterChain - Creating filter chain: org.springframework.boot.autoconfigure.security.SpringBootWebSecurityConfiguration$ApplicationNoWebSecurityConfigurerAdapter$1@15eb0ae9, [org.springframework.security.web.context.request.async.WebAsyncManagerIntegrationFilter@65e0b505, org.springframework.security.web.context.SecurityContextPersistenceFilter@370c1968, org.springframework.security.web.header.HeaderWriterFilter@f324455, org.springframework.security.web.csrf.CsrfFilter@5114b7c7, org.springframework.security.web.authentication.logout.LogoutFilter@42fb8c87, org.springframework.security.web.savedrequest.RequestCacheAwareFilter@2f0bfe17, org.springframework.security.web.servletapi.SecurityContextHolderAwareRequestFilter@3206174f, org.springframework.security.web.authentication.AnonymousAuthenticationFilter@67de7a99, org.springframework.security.web.session.SessionManagementFilter@3a894088, org.springframework.security.web.access.ExceptionTranslationFilter@7b6c6e70]
2018-03-15 14:04:21 [main] INFO  o.s.j.e.a.AnnotationMBeanExporter - Registering beans for JMX exposure on startup
2018-03-15 14:04:21 [main] INFO  o.s.b.c.e.t.TomcatEmbeddedServletContainer - Tomcat started on port(s): 9999 (http)
2018-03-15 14:04:21 [main] INFO  Q_AND_A.QAndAApplication - Started QAndAApplication in 8.492 seconds (JVM running for 9.512)
2018-03-15 14:04:29 [RMI TCP Connection(2)-127.0.0.1] INFO  o.s.b.a.SpringApplicationAdminMXBeanRegistrar$SpringApplicationAdmin - Application shutdown requested.
2018-03-15 14:04:29 [RMI TCP Connection(2)-127.0.0.1] INFO  o.s.b.c.e.AnnotationConfigEmbeddedWebApplicationContext - Closing org.springframework.boot.context.embedded.AnnotationConfigEmbeddedWebApplicationContext@2fd6b6c7: startup date [Thu Mar 15 14:04:13 KST 2018]; root of context hierarchy
2018-03-15 14:04:29 [RMI TCP Connection(2)-127.0.0.1] INFO  o.s.j.e.a.AnnotationMBeanExporter - Unregistering JMX-exposed beans on shutdown
2018-03-15 14:04:32 [main] INFO  Q_AND_A.QAndAApplication - Starting QAndAApplication on Mango-PC with PID 9264 (C:\Users\Mango\git\QNA\Q_AND_A\target\classes started by Mango in C:\Users\Mango\git\QNA\Q_AND_A)
2018-03-15 14:04:32 [main] INFO  Q_AND_A.QAndAApplication - No active profile set, falling back to default profiles: default
2018-03-15 14:04:33 [main] INFO  o.s.b.c.e.AnnotationConfigEmbeddedWebApplicationContext - Refreshing org.springframework.boot.context.embedded.AnnotationConfigEmbeddedWebApplicationContext@2fd6b6c7: startup date [Thu Mar 15 14:04:32 KST 2018]; root of context hierarchy
2018-03-15 14:04:35 [main] INFO  o.s.b.c.e.t.TomcatEmbeddedServletContainer - Tomcat initialized with port(s): 9999 (http)
2018-03-15 14:04:35 [main] INFO  o.a.catalina.core.StandardService - Starting service [Tomcat]
2018-03-15 14:04:35 [main] INFO  o.a.catalina.core.StandardEngine - Starting Servlet Engine: Apache Tomcat/8.5.15
2018-03-15 14:04:35 [localhost-startStop-1] INFO  o.a.c.c.C.[.[localhost].[/qanda] - Initializing Spring embedded WebApplicationContext
2018-03-15 14:04:35 [localhost-startStop-1] INFO  o.s.web.context.ContextLoader - Root WebApplicationContext: initialization completed in 2830 ms
2018-03-15 14:04:36 [localhost-startStop-1] INFO  o.s.b.w.s.FilterRegistrationBean - Mapping filter: 'characterEncodingFilter' to: [/*]
2018-03-15 14:04:36 [localhost-startStop-1] INFO  o.s.b.w.s.FilterRegistrationBean - Mapping filter: 'hiddenHttpMethodFilter' to: [/*]
2018-03-15 14:04:36 [localhost-startStop-1] INFO  o.s.b.w.s.FilterRegistrationBean - Mapping filter: 'httpPutFormContentFilter' to: [/*]
2018-03-15 14:04:36 [localhost-startStop-1] INFO  o.s.b.w.s.FilterRegistrationBean - Mapping filter: 'requestContextFilter' to: [/*]
2018-03-15 14:04:36 [localhost-startStop-1] INFO  o.s.b.w.s.DelegatingFilterProxyRegistrationBean - Mapping filter: 'springSecurityFilterChain' to: [/*]
2018-03-15 14:04:36 [localhost-startStop-1] INFO  o.s.b.w.s.ServletRegistrationBean - Mapping servlet: 'dispatcherServlet' to [/]
2018-03-15 14:04:37 [main] INFO  o.s.w.s.m.m.a.RequestMappingHandlerAdapter - Looking for @ControllerAdvice: org.springframework.boot.context.embedded.AnnotationConfigEmbeddedWebApplicationContext@2fd6b6c7: startup date [Thu Mar 15 14:04:32 KST 2018]; root of context hierarchy
2018-03-15 14:04:37 [main] INFO  o.s.w.s.m.m.a.RequestMappingHandlerMapping - Mapped "{[/Article/teach],methods=[GET]}" onto public java.lang.String Q_AND_A.kh.com.controllers.QnAControllers.QnATeach(javax.servlet.http.HttpServletRequest)
2018-03-15 14:04:37 [main] INFO  o.s.w.s.m.m.a.RequestMappingHandlerMapping - Mapped "{[/error]}" onto public org.springframework.http.ResponseEntity<java.util.Map<java.lang.String, java.lang.Object>> org.springframework.boot.autoconfigure.web.BasicErrorController.error(javax.servlet.http.HttpServletRequest)
2018-03-15 14:04:37 [main] INFO  o.s.w.s.m.m.a.RequestMappingHandlerMapping - Mapped "{[/error],produces=[text/html]}" onto public org.springframework.web.servlet.ModelAndView org.springframework.boot.autoconfigure.web.BasicErrorController.errorHtml(javax.servlet.http.HttpServletRequest,javax.servlet.http.HttpServletResponse)
2018-03-15 14:04:37 [main] INFO  o.s.w.s.h.SimpleUrlHandlerMapping - Root mapping to handler of type [class org.springframework.web.servlet.mvc.ParameterizableViewController]
2018-03-15 14:04:37 [main] INFO  o.s.w.s.h.SimpleUrlHandlerMapping - Mapped URL path [/login/auth] onto handler of type [class org.springframework.web.servlet.mvc.ParameterizableViewController]
2018-03-15 14:04:37 [main] INFO  o.s.w.s.h.SimpleUrlHandlerMapping - Mapped URL path [/resources/**] onto handler of type [class org.springframework.web.servlet.resource.ResourceHttpRequestHandler]
2018-03-15 14:04:37 [main] INFO  o.s.w.s.h.SimpleUrlHandlerMapping - Mapped URL path [/webjars/**] onto handler of type [class org.springframework.web.servlet.resource.ResourceHttpRequestHandler]
2018-03-15 14:04:37 [main] INFO  o.s.w.s.h.SimpleUrlHandlerMapping - Mapped URL path [/**] onto handler of type [class org.springframework.web.servlet.resource.ResourceHttpRequestHandler]
2018-03-15 14:04:38 [main] INFO  o.s.w.s.h.SimpleUrlHandlerMapping - Mapped URL path [/**/favicon.ico] onto handler of type [class org.springframework.web.servlet.resource.ResourceHttpRequestHandler]
2018-03-15 14:04:38 [main] INFO  o.s.b.a.s.AuthenticationManagerConfiguration - 

Using default security password: 2085486c-6c8b-44ca-808a-d5489f470ba9

2018-03-15 14:04:38 [main] INFO  o.s.s.web.DefaultSecurityFilterChain - Creating filter chain: OrRequestMatcher [requestMatchers=[Ant [pattern='/css/**'], Ant [pattern='/js/**'], Ant [pattern='/images/**'], Ant [pattern='/webjars/**'], Ant [pattern='/**/favicon.ico'], Ant [pattern='/error']]], []
2018-03-15 14:04:38 [main] INFO  o.s.s.web.DefaultSecurityFilterChain - Creating filter chain: Ant [pattern='/resources/**'], []
2018-03-15 14:04:38 [main] INFO  o.s.s.web.DefaultSecurityFilterChain - Creating filter chain: Ant [pattern='/static/**'], []
2018-03-15 14:04:38 [main] INFO  o.s.s.web.DefaultSecurityFilterChain - Creating filter chain: org.springframework.security.web.util.matcher.AnyRequestMatcher@1, [org.springframework.security.web.context.request.async.WebAsyncManagerIntegrationFilter@7b66322e, org.springframework.security.web.context.SecurityContextPersistenceFilter@6a2c717f, org.springframework.security.web.header.HeaderWriterFilter@3b5c665c, org.springframework.security.web.csrf.CsrfFilter@4f94e148, org.springframework.security.web.authentication.logout.LogoutFilter@441b8382, org.springframework.security.web.authentication.UsernamePasswordAuthenticationFilter@4ba6ec50, org.springframework.security.web.savedrequest.RequestCacheAwareFilter@60d40ff4, org.springframework.security.web.servletapi.SecurityContextHolderAwareRequestFilter@306f6f1d, org.springframework.security.web.authentication.AnonymousAuthenticationFilter@63538bb4, org.springframework.security.web.session.SessionManagementFilter@625a4ff, org.springframework.security.web.access.ExceptionTranslationFilter@6614bd4b, org.springframework.security.web.access.intercept.FilterSecurityInterceptor@37b56ac7]
2018-03-15 14:04:38 [main] INFO  o.s.s.web.DefaultSecurityFilterChain - Creating filter chain: org.springframework.boot.autoconfigure.security.SpringBootWebSecurityConfiguration$ApplicationNoWebSecurityConfigurerAdapter$1@42fb8c87, [org.springframework.security.web.context.request.async.WebAsyncManagerIntegrationFilter@15eb0ae9, org.springframework.security.web.context.SecurityContextPersistenceFilter@3a894088, org.springframework.security.web.header.HeaderWriterFilter@7b6c6e70, org.springframework.security.web.csrf.CsrfFilter@6f9c5048, org.springframework.security.web.authentication.logout.LogoutFilter@3206174f, org.springframework.security.web.savedrequest.RequestCacheAwareFilter@370c1968, org.springframework.security.web.servletapi.SecurityContextHolderAwareRequestFilter@2f0bfe17, org.springframework.security.web.authentication.AnonymousAuthenticationFilter@65e0b505, org.springframework.security.web.session.SessionManagementFilter@f324455, org.springframework.security.web.access.ExceptionTranslationFilter@767f6ee7]
2018-03-15 14:04:39 [main] INFO  o.s.j.e.a.AnnotationMBeanExporter - Registering beans for JMX exposure on startup
2018-03-15 14:04:39 [main] INFO  o.s.b.c.e.t.TomcatEmbeddedServletContainer - Tomcat started on port(s): 9999 (http)
2018-03-15 14:04:39 [main] INFO  Q_AND_A.QAndAApplication - Started QAndAApplication in 7.661 seconds (JVM running for 8.687)
