2018-03-15 11:10:01 [main] INFO  Q_AND_A.QAndAApplication - Starting QAndAApplication on Mango-PC with PID 7536 (C:\Users\Mango\git\QNA\Q_AND_A\target\classes started by Mango in C:\Users\Mango\git\QNA\Q_AND_A)
2018-03-15 11:10:01 [main] INFO  Q_AND_A.QAndAApplication - No active profile set, falling back to default profiles: default
2018-03-15 11:10:02 [main] INFO  o.s.b.c.e.AnnotationConfigEmbeddedWebApplicationContext - Refreshing org.springframework.boot.context.embedded.AnnotationConfigEmbeddedWebApplicationContext@7692d9cc: startup date [Thu Mar 15 11:10:02 KST 2018]; root of context hierarchy
2018-03-15 11:10:05 [main] INFO  o.s.b.c.e.t.TomcatEmbeddedServletContainer - Tomcat initialized with port(s): 9999 (http)
2018-03-15 11:10:05 [main] INFO  o.a.catalina.core.StandardService - Starting service [Tomcat]
2018-03-15 11:10:05 [main] INFO  o.a.catalina.core.StandardEngine - Starting Servlet Engine: Apache Tomcat/8.5.15
2018-03-15 11:10:06 [localhost-startStop-1] INFO  o.a.c.c.C.[.[localhost].[/qanda] - Initializing Spring embedded WebApplicationContext
2018-03-15 11:10:06 [localhost-startStop-1] INFO  o.s.web.context.ContextLoader - Root WebApplicationContext: initialization completed in 3669 ms
2018-03-15 11:10:06 [localhost-startStop-1] INFO  o.s.b.w.s.FilterRegistrationBean - Mapping filter: 'characterEncodingFilter' to: [/*]
2018-03-15 11:10:06 [localhost-startStop-1] INFO  o.s.b.w.s.FilterRegistrationBean - Mapping filter: 'hiddenHttpMethodFilter' to: [/*]
2018-03-15 11:10:06 [localhost-startStop-1] INFO  o.s.b.w.s.FilterRegistrationBean - Mapping filter: 'httpPutFormContentFilter' to: [/*]
2018-03-15 11:10:06 [localhost-startStop-1] INFO  o.s.b.w.s.FilterRegistrationBean - Mapping filter: 'requestContextFilter' to: [/*]
2018-03-15 11:10:06 [localhost-startStop-1] INFO  o.s.b.w.s.DelegatingFilterProxyRegistrationBean - Mapping filter: 'springSecurityFilterChain' to: [/*]
2018-03-15 11:10:06 [localhost-startStop-1] INFO  o.s.b.w.s.ServletRegistrationBean - Mapping servlet: 'dispatcherServlet' to [/]
2018-03-15 11:10:08 [main] INFO  o.s.w.s.m.m.a.RequestMappingHandlerAdapter - Looking for @ControllerAdvice: org.springframework.boot.context.embedded.AnnotationConfigEmbeddedWebApplicationContext@7692d9cc: startup date [Thu Mar 15 11:10:02 KST 2018]; root of context hierarchy
2018-03-15 11:10:08 [main] INFO  o.s.w.s.m.m.a.RequestMappingHandlerMapping - Mapped "{[/Article/teach],methods=[GET]}" onto public java.lang.String Q_AND_A.kh.com.controllers.QnAControllers.QnATeach(javax.servlet.http.HttpServletRequest)
2018-03-15 11:10:08 [main] INFO  o.s.w.s.m.m.a.RequestMappingHandlerMapping - Mapped "{[/error]}" onto public org.springframework.http.ResponseEntity<java.util.Map<java.lang.String, java.lang.Object>> org.springframework.boot.autoconfigure.web.BasicErrorController.error(javax.servlet.http.HttpServletRequest)
2018-03-15 11:10:08 [main] INFO  o.s.w.s.m.m.a.RequestMappingHandlerMapping - Mapped "{[/error],produces=[text/html]}" onto public org.springframework.web.servlet.ModelAndView org.springframework.boot.autoconfigure.web.BasicErrorController.errorHtml(javax.servlet.http.HttpServletRequest,javax.servlet.http.HttpServletResponse)
2018-03-15 11:10:08 [main] INFO  o.s.w.s.h.SimpleUrlHandlerMapping - Root mapping to handler of type [class org.springframework.web.servlet.mvc.ParameterizableViewController]
2018-03-15 11:10:08 [main] INFO  o.s.w.s.h.SimpleUrlHandlerMapping - Mapped URL path [/login/auth] onto handler of type [class org.springframework.web.servlet.mvc.ParameterizableViewController]
2018-03-15 11:10:08 [main] INFO  o.s.w.s.h.SimpleUrlHandlerMapping - Mapped URL path [/resources/**] onto handler of type [class org.springframework.web.servlet.resource.ResourceHttpRequestHandler]
2018-03-15 11:10:08 [main] INFO  o.s.w.s.h.SimpleUrlHandlerMapping - Mapped URL path [/webjars/**] onto handler of type [class org.springframework.web.servlet.resource.ResourceHttpRequestHandler]
2018-03-15 11:10:08 [main] INFO  o.s.w.s.h.SimpleUrlHandlerMapping - Mapped URL path [/**] onto handler of type [class org.springframework.web.servlet.resource.ResourceHttpRequestHandler]
2018-03-15 11:10:09 [main] INFO  o.s.w.s.h.SimpleUrlHandlerMapping - Mapped URL path [/**/favicon.ico] onto handler of type [class org.springframework.web.servlet.resource.ResourceHttpRequestHandler]
2018-03-15 11:10:09 [main] INFO  o.s.b.a.s.AuthenticationManagerConfiguration - 

Using default security password: 899b4430-fcfe-44d5-9488-fd1ce315df93

2018-03-15 11:10:09 [main] INFO  o.s.s.web.DefaultSecurityFilterChain - Creating filter chain: OrRequestMatcher [requestMatchers=[Ant [pattern='/css/**'], Ant [pattern='/js/**'], Ant [pattern='/images/**'], Ant [pattern='/webjars/**'], Ant [pattern='/**/favicon.ico'], Ant [pattern='/error']]], []
2018-03-15 11:10:09 [main] INFO  o.s.s.web.DefaultSecurityFilterChain - Creating filter chain: Ant [pattern='/resources/**'], []
2018-03-15 11:10:09 [main] INFO  o.s.s.web.DefaultSecurityFilterChain - Creating filter chain: Ant [pattern='/static/**'], []
2018-03-15 11:10:09 [main] INFO  o.s.s.web.DefaultSecurityFilterChain - Creating filter chain: org.springframework.security.web.util.matcher.AnyRequestMatcher@1, [org.springframework.security.web.context.request.async.WebAsyncManagerIntegrationFilter@4fe64d23, org.springframework.security.web.context.SecurityContextPersistenceFilter@2d38edfd, org.springframework.security.web.header.HeaderWriterFilter@503df2d0, org.springframework.security.web.csrf.CsrfFilter@5ec5ea63, org.springframework.security.web.authentication.logout.LogoutFilter@27755487, org.springframework.security.web.authentication.UsernamePasswordAuthenticationFilter@77c233af, org.springframework.security.web.savedrequest.RequestCacheAwareFilter@655a01d8, org.springframework.security.web.servletapi.SecurityContextHolderAwareRequestFilter@196ae579, org.springframework.security.web.authentication.AnonymousAuthenticationFilter@58437801, org.springframework.security.web.session.SessionManagementFilter@c269425, org.springframework.security.web.access.ExceptionTranslationFilter@71e35c4, org.springframework.security.web.access.intercept.FilterSecurityInterceptor@553bc36c]
2018-03-15 11:10:09 [main] INFO  o.s.s.web.DefaultSecurityFilterChain - Creating filter chain: org.springframework.boot.autoconfigure.security.SpringBootWebSecurityConfiguration$ApplicationNoWebSecurityConfigurerAdapter$1@5a50d9fc, [org.springframework.security.web.context.request.async.WebAsyncManagerIntegrationFilter@106d77da, org.springframework.security.web.context.SecurityContextPersistenceFilter@3f183caa, org.springframework.security.web.header.HeaderWriterFilter@fb2e3fd, org.springframework.security.web.csrf.CsrfFilter@48f4713c, org.springframework.security.web.authentication.logout.LogoutFilter@24534cb0, org.springframework.security.web.savedrequest.RequestCacheAwareFilter@7b66322e, org.springframework.security.web.servletapi.SecurityContextHolderAwareRequestFilter@63538bb4, org.springframework.security.web.authentication.AnonymousAuthenticationFilter@6f9c5048, org.springframework.security.web.session.SessionManagementFilter@43a09ce2, org.springframework.security.web.access.ExceptionTranslationFilter@642413d4]
2018-03-15 11:10:10 [main] INFO  o.s.j.e.a.AnnotationMBeanExporter - Registering beans for JMX exposure on startup
2018-03-15 11:10:11 [main] INFO  o.s.b.c.e.t.TomcatEmbeddedServletContainer - Tomcat started on port(s): 9999 (http)
2018-03-15 11:10:11 [main] INFO  Q_AND_A.QAndAApplication - Started QAndAApplication in 9.971 seconds (JVM running for 11.126)
2018-03-15 11:10:29 [RMI TCP Connection(2)-127.0.0.1] INFO  o.s.b.a.SpringApplicationAdminMXBeanRegistrar$SpringApplicationAdmin - Application shutdown requested.
2018-03-15 11:10:29 [RMI TCP Connection(2)-127.0.0.1] INFO  o.s.b.c.e.AnnotationConfigEmbeddedWebApplicationContext - Closing org.springframework.boot.context.embedded.AnnotationConfigEmbeddedWebApplicationContext@7692d9cc: startup date [Thu Mar 15 11:10:02 KST 2018]; root of context hierarchy
2018-03-15 11:10:29 [RMI TCP Connection(2)-127.0.0.1] INFO  o.s.j.e.a.AnnotationMBeanExporter - Unregistering JMX-exposed beans on shutdown
