2018-03-15 10:14:50 [main] INFO  Q_AND_A.QAndAApplication - Starting QAndAApplication on Mango-PC with PID 9912 (C:\Users\Mango\git\QNA\Q_AND_A\target\classes started by Mango in C:\Users\Mango\git\QNA\Q_AND_A)
2018-03-15 10:14:50 [main] INFO  Q_AND_A.QAndAApplication - No active profile set, falling back to default profiles: default
2018-03-15 10:14:50 [main] INFO  o.s.b.c.e.AnnotationConfigEmbeddedWebApplicationContext - Refreshing org.springframework.boot.context.embedded.AnnotationConfigEmbeddedWebApplicationContext@7692d9cc: startup date [Thu Mar 15 10:14:50 KST 2018]; root of context hierarchy
2018-03-15 10:14:53 [main] INFO  o.s.b.c.e.t.TomcatEmbeddedServletContainer - Tomcat initialized with port(s): 9999 (http)
2018-03-15 10:14:53 [main] INFO  o.a.catalina.core.StandardService - Starting service [Tomcat]
2018-03-15 10:14:53 [main] INFO  o.a.catalina.core.StandardEngine - Starting Servlet Engine: Apache Tomcat/8.5.15
2018-03-15 10:14:53 [localhost-startStop-1] INFO  o.a.c.c.C.[.[localhost].[/qanda] - Initializing Spring embedded WebApplicationContext
2018-03-15 10:14:53 [localhost-startStop-1] INFO  o.s.web.context.ContextLoader - Root WebApplicationContext: initialization completed in 2855 ms
2018-03-15 10:14:53 [localhost-startStop-1] INFO  o.s.b.w.s.FilterRegistrationBean - Mapping filter: 'characterEncodingFilter' to: [/*]
2018-03-15 10:14:53 [localhost-startStop-1] INFO  o.s.b.w.s.FilterRegistrationBean - Mapping filter: 'hiddenHttpMethodFilter' to: [/*]
2018-03-15 10:14:53 [localhost-startStop-1] INFO  o.s.b.w.s.FilterRegistrationBean - Mapping filter: 'httpPutFormContentFilter' to: [/*]
2018-03-15 10:14:53 [localhost-startStop-1] INFO  o.s.b.w.s.FilterRegistrationBean - Mapping filter: 'requestContextFilter' to: [/*]
2018-03-15 10:14:53 [localhost-startStop-1] INFO  o.s.b.w.s.DelegatingFilterProxyRegistrationBean - Mapping filter: 'springSecurityFilterChain' to: [/*]
2018-03-15 10:14:53 [localhost-startStop-1] INFO  o.s.b.w.s.ServletRegistrationBean - Mapping servlet: 'dispatcherServlet' to [/]
2018-03-15 10:14:55 [main] INFO  o.s.w.s.m.m.a.RequestMappingHandlerAdapter - Looking for @ControllerAdvice: org.springframework.boot.context.embedded.AnnotationConfigEmbeddedWebApplicationContext@7692d9cc: startup date [Thu Mar 15 10:14:50 KST 2018]; root of context hierarchy
2018-03-15 10:14:55 [main] INFO  o.s.w.s.m.m.a.RequestMappingHandlerMapping - Mapped "{[/Article/teach],methods=[GET]}" onto public java.lang.String Q_AND_A.kh.com.controllers.QnAControllers.QnATeach(javax.servlet.http.HttpServletRequest)
2018-03-15 10:14:55 [main] INFO  o.s.w.s.m.m.a.RequestMappingHandlerMapping - Mapped "{[/error]}" onto public org.springframework.http.ResponseEntity<java.util.Map<java.lang.String, java.lang.Object>> org.springframework.boot.autoconfigure.web.BasicErrorController.error(javax.servlet.http.HttpServletRequest)
2018-03-15 10:14:55 [main] INFO  o.s.w.s.m.m.a.RequestMappingHandlerMapping - Mapped "{[/error],produces=[text/html]}" onto public org.springframework.web.servlet.ModelAndView org.springframework.boot.autoconfigure.web.BasicErrorController.errorHtml(javax.servlet.http.HttpServletRequest,javax.servlet.http.HttpServletResponse)
2018-03-15 10:14:55 [main] INFO  o.s.w.s.h.SimpleUrlHandlerMapping - Root mapping to handler of type [class org.springframework.web.servlet.mvc.ParameterizableViewController]
2018-03-15 10:14:55 [main] INFO  o.s.w.s.h.SimpleUrlHandlerMapping - Mapped URL path [/login/auth] onto handler of type [class org.springframework.web.servlet.mvc.ParameterizableViewController]
2018-03-15 10:14:55 [main] INFO  o.s.w.s.h.SimpleUrlHandlerMapping - Mapped URL path [/resources/**] onto handler of type [class org.springframework.web.servlet.resource.ResourceHttpRequestHandler]
2018-03-15 10:14:55 [main] INFO  o.s.w.s.h.SimpleUrlHandlerMapping - Mapped URL path [/webjars/**] onto handler of type [class org.springframework.web.servlet.resource.ResourceHttpRequestHandler]
2018-03-15 10:14:55 [main] INFO  o.s.w.s.h.SimpleUrlHandlerMapping - Mapped URL path [/**] onto handler of type [class org.springframework.web.servlet.resource.ResourceHttpRequestHandler]
2018-03-15 10:14:55 [main] INFO  o.s.w.s.h.SimpleUrlHandlerMapping - Mapped URL path [/**/favicon.ico] onto handler of type [class org.springframework.web.servlet.resource.ResourceHttpRequestHandler]
2018-03-15 10:14:56 [main] INFO  o.s.b.a.s.AuthenticationManagerConfiguration - 

Using default security password: 42e24fb2-da4f-4776-9c21-207e2d30c830

2018-03-15 10:14:56 [main] INFO  o.s.s.web.DefaultSecurityFilterChain - Creating filter chain: OrRequestMatcher [requestMatchers=[Ant [pattern='/css/**'], Ant [pattern='/js/**'], Ant [pattern='/images/**'], Ant [pattern='/webjars/**'], Ant [pattern='/**/favicon.ico'], Ant [pattern='/error']]], []
2018-03-15 10:14:56 [main] INFO  o.s.s.web.DefaultSecurityFilterChain - Creating filter chain: Ant [pattern='/resources/**'], []
2018-03-15 10:14:56 [main] INFO  o.s.s.web.DefaultSecurityFilterChain - Creating filter chain: Ant [pattern='/static/**'], []
2018-03-15 10:14:56 [main] INFO  o.s.s.web.DefaultSecurityFilterChain - Creating filter chain: org.springframework.security.web.util.matcher.AnyRequestMatcher@1, [org.springframework.security.web.context.request.async.WebAsyncManagerIntegrationFilter@f1868c9, org.springframework.security.web.context.SecurityContextPersistenceFilter@7847ef2c, org.springframework.security.web.header.HeaderWriterFilter@1507c3c3, org.springframework.security.web.csrf.CsrfFilter@2fdf17dc, org.springframework.security.web.authentication.logout.LogoutFilter@6f76c2cc, org.springframework.security.web.authentication.UsernamePasswordAuthenticationFilter@58437801, org.springframework.security.web.savedrequest.RequestCacheAwareFilter@78e17a99, org.springframework.security.web.servletapi.SecurityContextHolderAwareRequestFilter@4f0cab0a, org.springframework.security.web.authentication.AnonymousAuthenticationFilter@4ba6ec50, org.springframework.security.web.session.SessionManagementFilter@c29fe36, org.springframework.security.web.access.ExceptionTranslationFilter@6e43ddd6, org.springframework.security.web.access.intercept.FilterSecurityInterceptor@10db6131]
2018-03-15 10:14:56 [main] INFO  o.s.s.web.DefaultSecurityFilterChain - Creating filter chain: org.springframework.boot.autoconfigure.security.SpringBootWebSecurityConfiguration$ApplicationNoWebSecurityConfigurerAdapter$1@7b6c6e70, [org.springframework.security.web.context.request.async.WebAsyncManagerIntegrationFilter@f324455, org.springframework.security.web.context.SecurityContextPersistenceFilter@6f9c5048, org.springframework.security.web.header.HeaderWriterFilter@5a50d9fc, org.springframework.security.web.csrf.CsrfFilter@3f183caa, org.springframework.security.web.authentication.logout.LogoutFilter@767f6ee7, org.springframework.security.web.savedrequest.RequestCacheAwareFilter@5114b7c7, org.springframework.security.web.servletapi.SecurityContextHolderAwareRequestFilter@dd71b20, org.springframework.security.web.authentication.AnonymousAuthenticationFilter@3a894088, org.springframework.security.web.session.SessionManagementFilter@106d77da, org.springframework.security.web.access.ExceptionTranslationFilter@24534cb0]
2018-03-15 10:14:56 [main] INFO  o.s.j.e.a.AnnotationMBeanExporter - Registering beans for JMX exposure on startup
2018-03-15 10:14:57 [main] INFO  o.s.b.c.e.t.TomcatEmbeddedServletContainer - Tomcat started on port(s): 9999 (http)
2018-03-15 10:14:57 [main] INFO  Q_AND_A.QAndAApplication - Started QAndAApplication in 7.32 seconds (JVM running for 8.271)
2018-03-15 10:15:02 [RMI TCP Connection(2)-127.0.0.1] INFO  o.s.b.a.SpringApplicationAdminMXBeanRegistrar$SpringApplicationAdmin - Application shutdown requested.
2018-03-15 10:15:02 [RMI TCP Connection(2)-127.0.0.1] INFO  o.s.b.c.e.AnnotationConfigEmbeddedWebApplicationContext - Closing org.springframework.boot.context.embedded.AnnotationConfigEmbeddedWebApplicationContext@7692d9cc: startup date [Thu Mar 15 10:14:50 KST 2018]; root of context hierarchy
2018-03-15 10:15:02 [RMI TCP Connection(2)-127.0.0.1] INFO  o.s.j.e.a.AnnotationMBeanExporter - Unregistering JMX-exposed beans on shutdown
2018-03-15 10:15:05 [main] INFO  Q_AND_A.QAndAApplication - Starting QAndAApplication on Mango-PC with PID 11712 (C:\Users\Mango\git\QNA\Q_AND_A\target\classes started by Mango in C:\Users\Mango\git\QNA\Q_AND_A)
2018-03-15 10:15:05 [main] INFO  Q_AND_A.QAndAApplication - No active profile set, falling back to default profiles: default
2018-03-15 10:15:05 [main] INFO  o.s.b.c.e.AnnotationConfigEmbeddedWebApplicationContext - Refreshing org.springframework.boot.context.embedded.AnnotationConfigEmbeddedWebApplicationContext@7692d9cc: startup date [Thu Mar 15 10:15:05 KST 2018]; root of context hierarchy
2018-03-15 10:15:08 [main] INFO  o.s.b.c.e.t.TomcatEmbeddedServletContainer - Tomcat initialized with port(s): 9999 (http)
2018-03-15 10:15:08 [main] INFO  o.a.catalina.core.StandardService - Starting service [Tomcat]
2018-03-15 10:15:08 [main] INFO  o.a.catalina.core.StandardEngine - Starting Servlet Engine: Apache Tomcat/8.5.15
2018-03-15 10:15:08 [localhost-startStop-1] INFO  o.a.c.c.C.[.[localhost].[/qanda] - Initializing Spring embedded WebApplicationContext
2018-03-15 10:15:08 [localhost-startStop-1] INFO  o.s.web.context.ContextLoader - Root WebApplicationContext: initialization completed in 2762 ms
2018-03-15 10:15:09 [localhost-startStop-1] INFO  o.s.b.w.s.FilterRegistrationBean - Mapping filter: 'characterEncodingFilter' to: [/*]
2018-03-15 10:15:09 [localhost-startStop-1] INFO  o.s.b.w.s.FilterRegistrationBean - Mapping filter: 'hiddenHttpMethodFilter' to: [/*]
2018-03-15 10:15:09 [localhost-startStop-1] INFO  o.s.b.w.s.FilterRegistrationBean - Mapping filter: 'httpPutFormContentFilter' to: [/*]
2018-03-15 10:15:09 [localhost-startStop-1] INFO  o.s.b.w.s.FilterRegistrationBean - Mapping filter: 'requestContextFilter' to: [/*]
2018-03-15 10:15:09 [localhost-startStop-1] INFO  o.s.b.w.s.DelegatingFilterProxyRegistrationBean - Mapping filter: 'springSecurityFilterChain' to: [/*]
2018-03-15 10:15:09 [localhost-startStop-1] INFO  o.s.b.w.s.ServletRegistrationBean - Mapping servlet: 'dispatcherServlet' to [/]
2018-03-15 10:15:10 [main] INFO  o.s.w.s.m.m.a.RequestMappingHandlerAdapter - Looking for @ControllerAdvice: org.springframework.boot.context.embedded.AnnotationConfigEmbeddedWebApplicationContext@7692d9cc: startup date [Thu Mar 15 10:15:05 KST 2018]; root of context hierarchy
2018-03-15 10:15:10 [main] INFO  o.s.w.s.m.m.a.RequestMappingHandlerMapping - Mapped "{[/Article/teach],methods=[GET]}" onto public java.lang.String Q_AND_A.kh.com.controllers.QnAControllers.QnATeach(javax.servlet.http.HttpServletRequest)
2018-03-15 10:15:10 [main] INFO  o.s.w.s.m.m.a.RequestMappingHandlerMapping - Mapped "{[/error]}" onto public org.springframework.http.ResponseEntity<java.util.Map<java.lang.String, java.lang.Object>> org.springframework.boot.autoconfigure.web.BasicErrorController.error(javax.servlet.http.HttpServletRequest)
2018-03-15 10:15:10 [main] INFO  o.s.w.s.m.m.a.RequestMappingHandlerMapping - Mapped "{[/error],produces=[text/html]}" onto public org.springframework.web.servlet.ModelAndView org.springframework.boot.autoconfigure.web.BasicErrorController.errorHtml(javax.servlet.http.HttpServletRequest,javax.servlet.http.HttpServletResponse)
2018-03-15 10:15:10 [main] INFO  o.s.w.s.h.SimpleUrlHandlerMapping - Root mapping to handler of type [class org.springframework.web.servlet.mvc.ParameterizableViewController]
2018-03-15 10:15:10 [main] INFO  o.s.w.s.h.SimpleUrlHandlerMapping - Mapped URL path [/login/auth] onto handler of type [class org.springframework.web.servlet.mvc.ParameterizableViewController]
2018-03-15 10:15:10 [main] INFO  o.s.w.s.h.SimpleUrlHandlerMapping - Mapped URL path [/resources/**] onto handler of type [class org.springframework.web.servlet.resource.ResourceHttpRequestHandler]
2018-03-15 10:15:10 [main] INFO  o.s.w.s.h.SimpleUrlHandlerMapping - Mapped URL path [/webjars/**] onto handler of type [class org.springframework.web.servlet.resource.ResourceHttpRequestHandler]
2018-03-15 10:15:10 [main] INFO  o.s.w.s.h.SimpleUrlHandlerMapping - Mapped URL path [/**] onto handler of type [class org.springframework.web.servlet.resource.ResourceHttpRequestHandler]
2018-03-15 10:15:10 [main] INFO  o.s.w.s.h.SimpleUrlHandlerMapping - Mapped URL path [/**/favicon.ico] onto handler of type [class org.springframework.web.servlet.resource.ResourceHttpRequestHandler]
2018-03-15 10:15:11 [main] INFO  o.s.b.a.s.AuthenticationManagerConfiguration - 

Using default security password: d8eafdf9-293e-4215-b627-b8dda54a1186

2018-03-15 10:15:11 [main] INFO  o.s.s.web.DefaultSecurityFilterChain - Creating filter chain: OrRequestMatcher [requestMatchers=[Ant [pattern='/css/**'], Ant [pattern='/js/**'], Ant [pattern='/images/**'], Ant [pattern='/webjars/**'], Ant [pattern='/**/favicon.ico'], Ant [pattern='/error']]], []
2018-03-15 10:15:11 [main] INFO  o.s.s.web.DefaultSecurityFilterChain - Creating filter chain: Ant [pattern='/resources/**'], []
2018-03-15 10:15:11 [main] INFO  o.s.s.web.DefaultSecurityFilterChain - Creating filter chain: Ant [pattern='/static/**'], []
2018-03-15 10:15:11 [main] INFO  o.s.s.web.DefaultSecurityFilterChain - Creating filter chain: org.springframework.security.web.util.matcher.AnyRequestMatcher@1, [org.springframework.security.web.context.request.async.WebAsyncManagerIntegrationFilter@58437801, org.springframework.security.web.context.SecurityContextPersistenceFilter@1507c3c3, org.springframework.security.web.header.HeaderWriterFilter@26fb4d06, org.springframework.security.web.csrf.CsrfFilter@4190bc8a, org.springframework.security.web.authentication.logout.LogoutFilter@4f0cab0a, org.springframework.security.web.authentication.UsernamePasswordAuthenticationFilter@37b56ac7, org.springframework.security.web.savedrequest.RequestCacheAwareFilter@c29fe36, org.springframework.security.web.servletapi.SecurityContextHolderAwareRequestFilter@6a2c717f, org.springframework.security.web.authentication.AnonymousAuthenticationFilter@6af5bbd0, org.springframework.security.web.session.SessionManagementFilter@6e43ddd6, org.springframework.security.web.access.ExceptionTranslationFilter@22a10ac6, org.springframework.security.web.access.intercept.FilterSecurityInterceptor@380e1909]
2018-03-15 10:15:11 [main] INFO  o.s.s.web.DefaultSecurityFilterChain - Creating filter chain: org.springframework.boot.autoconfigure.security.SpringBootWebSecurityConfiguration$ApplicationNoWebSecurityConfigurerAdapter$1@106d77da, [org.springframework.security.web.context.request.async.WebAsyncManagerIntegrationFilter@6f9c5048, org.springframework.security.web.context.SecurityContextPersistenceFilter@7b66322e, org.springframework.security.web.header.HeaderWriterFilter@43a09ce2, org.springframework.security.web.csrf.CsrfFilter@f1868c9, org.springframework.security.web.authentication.logout.LogoutFilter@5a50d9fc, org.springframework.security.web.savedrequest.RequestCacheAwareFilter@63538bb4, org.springframework.security.web.servletapi.SecurityContextHolderAwareRequestFilter@24534cb0, org.springframework.security.web.authentication.AnonymousAuthenticationFilter@5114b7c7, org.springframework.security.web.session.SessionManagementFilter@3f183caa, org.springframework.security.web.access.ExceptionTranslationFilter@fb2e3fd]
2018-03-15 10:15:12 [main] INFO  o.s.j.e.a.AnnotationMBeanExporter - Registering beans for JMX exposure on startup
2018-03-15 10:15:12 [main] INFO  o.s.b.c.e.t.TomcatEmbeddedServletContainer - Tomcat started on port(s): 9999 (http)
2018-03-15 10:15:12 [main] INFO  Q_AND_A.QAndAApplication - Started QAndAApplication in 7.146 seconds (JVM running for 8.04)
2018-03-15 10:16:26 [RMI TCP Connection(2)-127.0.0.1] INFO  o.s.b.a.SpringApplicationAdminMXBeanRegistrar$SpringApplicationAdmin - Application shutdown requested.
2018-03-15 10:16:26 [RMI TCP Connection(2)-127.0.0.1] INFO  o.s.b.c.e.AnnotationConfigEmbeddedWebApplicationContext - Closing org.springframework.boot.context.embedded.AnnotationConfigEmbeddedWebApplicationContext@7692d9cc: startup date [Thu Mar 15 10:15:05 KST 2018]; root of context hierarchy
2018-03-15 10:16:26 [RMI TCP Connection(2)-127.0.0.1] INFO  o.s.j.e.a.AnnotationMBeanExporter - Unregistering JMX-exposed beans on shutdown
2018-03-15 10:16:30 [main] INFO  Q_AND_A.QAndAApplication - Starting QAndAApplication on Mango-PC with PID 11252 (C:\Users\Mango\git\QNA\Q_AND_A\target\classes started by Mango in C:\Users\Mango\git\QNA\Q_AND_A)
2018-03-15 10:16:30 [main] INFO  Q_AND_A.QAndAApplication - No active profile set, falling back to default profiles: default
2018-03-15 10:16:30 [main] INFO  o.s.b.c.e.AnnotationConfigEmbeddedWebApplicationContext - Refreshing org.springframework.boot.context.embedded.AnnotationConfigEmbeddedWebApplicationContext@7692d9cc: startup date [Thu Mar 15 10:16:30 KST 2018]; root of context hierarchy
2018-03-15 10:16:33 [main] INFO  o.s.b.c.e.t.TomcatEmbeddedServletContainer - Tomcat initialized with port(s): 9999 (http)
2018-03-15 10:16:33 [main] INFO  o.a.catalina.core.StandardService - Starting service [Tomcat]
2018-03-15 10:16:33 [main] INFO  o.a.catalina.core.StandardEngine - Starting Servlet Engine: Apache Tomcat/8.5.15
2018-03-15 10:16:33 [localhost-startStop-1] INFO  o.a.c.c.C.[.[localhost].[/qanda] - Initializing Spring embedded WebApplicationContext
2018-03-15 10:16:33 [localhost-startStop-1] INFO  o.s.web.context.ContextLoader - Root WebApplicationContext: initialization completed in 2713 ms
2018-03-15 10:16:33 [localhost-startStop-1] INFO  o.s.b.w.s.FilterRegistrationBean - Mapping filter: 'characterEncodingFilter' to: [/*]
2018-03-15 10:16:33 [localhost-startStop-1] INFO  o.s.b.w.s.FilterRegistrationBean - Mapping filter: 'hiddenHttpMethodFilter' to: [/*]
2018-03-15 10:16:33 [localhost-startStop-1] INFO  o.s.b.w.s.FilterRegistrationBean - Mapping filter: 'httpPutFormContentFilter' to: [/*]
2018-03-15 10:16:33 [localhost-startStop-1] INFO  o.s.b.w.s.FilterRegistrationBean - Mapping filter: 'requestContextFilter' to: [/*]
2018-03-15 10:16:33 [localhost-startStop-1] INFO  o.s.b.w.s.DelegatingFilterProxyRegistrationBean - Mapping filter: 'springSecurityFilterChain' to: [/*]
2018-03-15 10:16:33 [localhost-startStop-1] INFO  o.s.b.w.s.ServletRegistrationBean - Mapping servlet: 'dispatcherServlet' to [/]
2018-03-15 10:16:35 [main] INFO  o.s.w.s.m.m.a.RequestMappingHandlerAdapter - Looking for @ControllerAdvice: org.springframework.boot.context.embedded.AnnotationConfigEmbeddedWebApplicationContext@7692d9cc: startup date [Thu Mar 15 10:16:30 KST 2018]; root of context hierarchy
2018-03-15 10:16:35 [main] INFO  o.s.w.s.m.m.a.RequestMappingHandlerMapping - Mapped "{[/Article/teach],methods=[GET]}" onto public java.lang.String Q_AND_A.kh.com.controllers.QnAControllers.QnATeach(javax.servlet.http.HttpServletRequest)
2018-03-15 10:16:35 [main] INFO  o.s.w.s.m.m.a.RequestMappingHandlerMapping - Mapped "{[/error]}" onto public org.springframework.http.ResponseEntity<java.util.Map<java.lang.String, java.lang.Object>> org.springframework.boot.autoconfigure.web.BasicErrorController.error(javax.servlet.http.HttpServletRequest)
2018-03-15 10:16:35 [main] INFO  o.s.w.s.m.m.a.RequestMappingHandlerMapping - Mapped "{[/error],produces=[text/html]}" onto public org.springframework.web.servlet.ModelAndView org.springframework.boot.autoconfigure.web.BasicErrorController.errorHtml(javax.servlet.http.HttpServletRequest,javax.servlet.http.HttpServletResponse)
2018-03-15 10:16:35 [main] INFO  o.s.w.s.h.SimpleUrlHandlerMapping - Root mapping to handler of type [class org.springframework.web.servlet.mvc.ParameterizableViewController]
2018-03-15 10:16:35 [main] INFO  o.s.w.s.h.SimpleUrlHandlerMapping - Mapped URL path [/login/auth] onto handler of type [class org.springframework.web.servlet.mvc.ParameterizableViewController]
2018-03-15 10:16:35 [main] INFO  o.s.w.s.h.SimpleUrlHandlerMapping - Mapped URL path [/resources/**] onto handler of type [class org.springframework.web.servlet.resource.ResourceHttpRequestHandler]
2018-03-15 10:16:35 [main] INFO  o.s.w.s.h.SimpleUrlHandlerMapping - Mapped URL path [/webjars/**] onto handler of type [class org.springframework.web.servlet.resource.ResourceHttpRequestHandler]
2018-03-15 10:16:35 [main] INFO  o.s.w.s.h.SimpleUrlHandlerMapping - Mapped URL path [/**] onto handler of type [class org.springframework.web.servlet.resource.ResourceHttpRequestHandler]
2018-03-15 10:16:35 [main] INFO  o.s.w.s.h.SimpleUrlHandlerMapping - Mapped URL path [/**/favicon.ico] onto handler of type [class org.springframework.web.servlet.resource.ResourceHttpRequestHandler]
2018-03-15 10:16:36 [main] INFO  o.s.b.a.s.AuthenticationManagerConfiguration - 

Using default security password: d88449f5-cf19-4e24-b803-22ef8da5e7c7

2018-03-15 10:16:36 [main] INFO  o.s.s.web.DefaultSecurityFilterChain - Creating filter chain: OrRequestMatcher [requestMatchers=[Ant [pattern='/css/**'], Ant [pattern='/js/**'], Ant [pattern='/images/**'], Ant [pattern='/webjars/**'], Ant [pattern='/**/favicon.ico'], Ant [pattern='/error']]], []
2018-03-15 10:16:36 [main] INFO  o.s.s.web.DefaultSecurityFilterChain - Creating filter chain: Ant [pattern='/resources/**'], []
2018-03-15 10:16:36 [main] INFO  o.s.s.web.DefaultSecurityFilterChain - Creating filter chain: Ant [pattern='/static/**'], []
2018-03-15 10:16:36 [main] INFO  o.s.s.web.DefaultSecurityFilterChain - Creating filter chain: org.springframework.security.web.util.matcher.AnyRequestMatcher@1, [org.springframework.security.web.context.request.async.WebAsyncManagerIntegrationFilter@506a1372, org.springframework.security.web.context.SecurityContextPersistenceFilter@22a10ac6, org.springframework.security.web.header.HeaderWriterFilter@3bb87d36, org.springframework.security.web.csrf.CsrfFilter@7fb48179, org.springframework.security.web.authentication.logout.LogoutFilter@625a4ff, org.springframework.security.web.authentication.UsernamePasswordAuthenticationFilter@2f521c4, org.springframework.security.web.savedrequest.RequestCacheAwareFilter@503df2d0, org.springframework.security.web.servletapi.SecurityContextHolderAwareRequestFilter@6614bd4b, org.springframework.security.web.authentication.AnonymousAuthenticationFilter@1b7332a7, org.springframework.security.web.session.SessionManagementFilter@5e1dde44, org.springframework.security.web.access.ExceptionTranslationFilter@7ff8a9dc, org.springframework.security.web.access.intercept.FilterSecurityInterceptor@444f44c5]
2018-03-15 10:16:36 [main] INFO  o.s.s.web.DefaultSecurityFilterChain - Creating filter chain: org.springframework.boot.autoconfigure.security.SpringBootWebSecurityConfiguration$ApplicationNoWebSecurityConfigurerAdapter$1@642413d4, [org.springframework.security.web.context.request.async.WebAsyncManagerIntegrationFilter@fb2e3fd, org.springframework.security.web.context.SecurityContextPersistenceFilter@b34832b, org.springframework.security.web.header.HeaderWriterFilter@6af5bbd0, org.springframework.security.web.csrf.CsrfFilter@35a0e495, org.springframework.security.web.authentication.logout.LogoutFilter@4ba6ec50, org.springframework.security.web.savedrequest.RequestCacheAwareFilter@48f4713c, org.springframework.security.web.servletapi.SecurityContextHolderAwareRequestFilter@f1868c9, org.springframework.security.web.authentication.AnonymousAuthenticationFilter@43a09ce2, org.springframework.security.web.session.SessionManagementFilter@76464795, org.springframework.security.web.access.ExceptionTranslationFilter@58437801]
2018-03-15 10:16:37 [main] INFO  o.s.j.e.a.AnnotationMBeanExporter - Registering beans for JMX exposure on startup
2018-03-15 10:16:37 [main] INFO  o.s.b.c.e.t.TomcatEmbeddedServletContainer - Tomcat started on port(s): 9999 (http)
2018-03-15 10:16:37 [main] INFO  Q_AND_A.QAndAApplication - Started QAndAApplication in 7.739 seconds (JVM running for 8.624)
2018-03-15 10:22:05 [RMI TCP Connection(2)-127.0.0.1] INFO  o.s.b.a.SpringApplicationAdminMXBeanRegistrar$SpringApplicationAdmin - Application shutdown requested.
2018-03-15 10:22:05 [RMI TCP Connection(2)-127.0.0.1] INFO  o.s.b.c.e.AnnotationConfigEmbeddedWebApplicationContext - Closing org.springframework.boot.context.embedded.AnnotationConfigEmbeddedWebApplicationContext@7692d9cc: startup date [Thu Mar 15 10:16:30 KST 2018]; root of context hierarchy
2018-03-15 10:22:05 [RMI TCP Connection(2)-127.0.0.1] INFO  o.s.j.e.a.AnnotationMBeanExporter - Unregistering JMX-exposed beans on shutdown
