2018-03-15 10:22:08 [main] INFO  Q_AND_A.QAndAApplication - Starting QAndAApplication on Mango-PC with PID 12392 (C:\Users\Mango\git\QNA\Q_AND_A\target\classes started by Mango in C:\Users\Mango\git\QNA\Q_AND_A)
2018-03-15 10:22:08 [main] INFO  Q_AND_A.QAndAApplication - No active profile set, falling back to default profiles: default
2018-03-15 10:22:09 [main] INFO  o.s.b.c.e.AnnotationConfigEmbeddedWebApplicationContext - Refreshing org.springframework.boot.context.embedded.AnnotationConfigEmbeddedWebApplicationContext@7692d9cc: startup date [Thu Mar 15 10:22:09 KST 2018]; root of context hierarchy
2018-03-15 10:22:11 [main] INFO  o.s.b.c.e.t.TomcatEmbeddedServletContainer - Tomcat initialized with port(s): 9999 (http)
2018-03-15 10:22:11 [main] INFO  o.a.catalina.core.StandardService - Starting service [Tomcat]
2018-03-15 10:22:11 [main] INFO  o.a.catalina.core.StandardEngine - Starting Servlet Engine: Apache Tomcat/8.5.15
2018-03-15 10:22:11 [localhost-startStop-1] INFO  o.a.c.c.C.[.[localhost].[/qanda] - Initializing Spring embedded WebApplicationContext
2018-03-15 10:22:11 [localhost-startStop-1] INFO  o.s.web.context.ContextLoader - Root WebApplicationContext: initialization completed in 2825 ms
2018-03-15 10:22:12 [localhost-startStop-1] INFO  o.s.b.w.s.FilterRegistrationBean - Mapping filter: 'characterEncodingFilter' to: [/*]
2018-03-15 10:22:12 [localhost-startStop-1] INFO  o.s.b.w.s.FilterRegistrationBean - Mapping filter: 'hiddenHttpMethodFilter' to: [/*]
2018-03-15 10:22:12 [localhost-startStop-1] INFO  o.s.b.w.s.FilterRegistrationBean - Mapping filter: 'httpPutFormContentFilter' to: [/*]
2018-03-15 10:22:12 [localhost-startStop-1] INFO  o.s.b.w.s.FilterRegistrationBean - Mapping filter: 'requestContextFilter' to: [/*]
2018-03-15 10:22:12 [localhost-startStop-1] INFO  o.s.b.w.s.DelegatingFilterProxyRegistrationBean - Mapping filter: 'springSecurityFilterChain' to: [/*]
2018-03-15 10:22:12 [localhost-startStop-1] INFO  o.s.b.w.s.ServletRegistrationBean - Mapping servlet: 'dispatcherServlet' to [/]
2018-03-15 10:22:13 [main] INFO  o.s.w.s.m.m.a.RequestMappingHandlerAdapter - Looking for @ControllerAdvice: org.springframework.boot.context.embedded.AnnotationConfigEmbeddedWebApplicationContext@7692d9cc: startup date [Thu Mar 15 10:22:09 KST 2018]; root of context hierarchy
2018-03-15 10:22:13 [main] INFO  o.s.w.s.m.m.a.RequestMappingHandlerMapping - Mapped "{[/Article/teach],methods=[GET]}" onto public java.lang.String Q_AND_A.kh.com.controllers.QnAControllers.QnATeach(javax.servlet.http.HttpServletRequest)
2018-03-15 10:22:13 [main] INFO  o.s.w.s.m.m.a.RequestMappingHandlerMapping - Mapped "{[/error]}" onto public org.springframework.http.ResponseEntity<java.util.Map<java.lang.String, java.lang.Object>> org.springframework.boot.autoconfigure.web.BasicErrorController.error(javax.servlet.http.HttpServletRequest)
2018-03-15 10:22:13 [main] INFO  o.s.w.s.m.m.a.RequestMappingHandlerMapping - Mapped "{[/error],produces=[text/html]}" onto public org.springframework.web.servlet.ModelAndView org.springframework.boot.autoconfigure.web.BasicErrorController.errorHtml(javax.servlet.http.HttpServletRequest,javax.servlet.http.HttpServletResponse)
2018-03-15 10:22:13 [main] INFO  o.s.w.s.h.SimpleUrlHandlerMapping - Root mapping to handler of type [class org.springframework.web.servlet.mvc.ParameterizableViewController]
2018-03-15 10:22:13 [main] INFO  o.s.w.s.h.SimpleUrlHandlerMapping - Mapped URL path [/login/auth] onto handler of type [class org.springframework.web.servlet.mvc.ParameterizableViewController]
2018-03-15 10:22:13 [main] INFO  o.s.w.s.h.SimpleUrlHandlerMapping - Mapped URL path [/resources/**] onto handler of type [class org.springframework.web.servlet.resource.ResourceHttpRequestHandler]
2018-03-15 10:22:13 [main] INFO  o.s.w.s.h.SimpleUrlHandlerMapping - Mapped URL path [/webjars/**] onto handler of type [class org.springframework.web.servlet.resource.ResourceHttpRequestHandler]
2018-03-15 10:22:13 [main] INFO  o.s.w.s.h.SimpleUrlHandlerMapping - Mapped URL path [/**] onto handler of type [class org.springframework.web.servlet.resource.ResourceHttpRequestHandler]
2018-03-15 10:22:13 [main] INFO  o.s.w.s.h.SimpleUrlHandlerMapping - Mapped URL path [/**/favicon.ico] onto handler of type [class org.springframework.web.servlet.resource.ResourceHttpRequestHandler]
2018-03-15 10:22:14 [main] INFO  o.s.b.a.s.AuthenticationManagerConfiguration - 

Using default security password: 1cbf1348-1727-4762-8442-077775e74e20

2018-03-15 10:22:14 [main] INFO  o.s.s.web.DefaultSecurityFilterChain - Creating filter chain: OrRequestMatcher [requestMatchers=[Ant [pattern='/css/**'], Ant [pattern='/js/**'], Ant [pattern='/images/**'], Ant [pattern='/webjars/**'], Ant [pattern='/**/favicon.ico'], Ant [pattern='/error']]], []
2018-03-15 10:22:14 [main] INFO  o.s.s.web.DefaultSecurityFilterChain - Creating filter chain: Ant [pattern='/resources/**'], []
2018-03-15 10:22:14 [main] INFO  o.s.s.web.DefaultSecurityFilterChain - Creating filter chain: Ant [pattern='/static/**'], []
2018-03-15 10:22:14 [main] INFO  o.s.s.web.DefaultSecurityFilterChain - Creating filter chain: org.springframework.security.web.util.matcher.AnyRequestMatcher@1, [org.springframework.security.web.context.request.async.WebAsyncManagerIntegrationFilter@35a0e495, org.springframework.security.web.context.SecurityContextPersistenceFilter@6e43ddd6, org.springframework.security.web.header.HeaderWriterFilter@22a10ac6, org.springframework.security.web.csrf.CsrfFilter@474821de, org.springframework.security.web.authentication.logout.LogoutFilter@60d40ff4, org.springframework.security.web.authentication.UsernamePasswordAuthenticationFilter@506a1372, org.springframework.security.web.savedrequest.RequestCacheAwareFilter@2d38edfd, org.springframework.security.web.servletapi.SecurityContextHolderAwareRequestFilter@625a4ff, org.springframework.security.web.authentication.AnonymousAuthenticationFilter@5399f6c5, org.springframework.security.web.session.SessionManagementFilter@503df2d0, org.springframework.security.web.access.ExceptionTranslationFilter@5e1dde44, org.springframework.security.web.access.intercept.FilterSecurityInterceptor@57f847af]
2018-03-15 10:22:14 [main] INFO  o.s.s.web.DefaultSecurityFilterChain - Creating filter chain: org.springframework.boot.autoconfigure.security.SpringBootWebSecurityConfiguration$ApplicationNoWebSecurityConfigurerAdapter$1@63538bb4, [org.springframework.security.web.context.request.async.WebAsyncManagerIntegrationFilter@24534cb0, org.springframework.security.web.context.SecurityContextPersistenceFilter@fb2e3fd, org.springframework.security.web.header.HeaderWriterFilter@4ba6ec50, org.springframework.security.web.csrf.CsrfFilter@76464795, org.springframework.security.web.authentication.logout.LogoutFilter@7b66322e, org.springframework.security.web.savedrequest.RequestCacheAwareFilter@43a09ce2, org.springframework.security.web.servletapi.SecurityContextHolderAwareRequestFilter@3f183caa, org.springframework.security.web.authentication.AnonymousAuthenticationFilter@5a50d9fc, org.springframework.security.web.session.SessionManagementFilter@642413d4, org.springframework.security.web.access.ExceptionTranslationFilter@f1868c9]
2018-03-15 10:22:15 [main] INFO  o.s.j.e.a.AnnotationMBeanExporter - Registering beans for JMX exposure on startup
2018-03-15 10:22:15 [main] INFO  o.s.b.c.e.t.TomcatEmbeddedServletContainer - Tomcat started on port(s): 9999 (http)
2018-03-15 10:22:15 [main] INFO  Q_AND_A.QAndAApplication - Started QAndAApplication in 7.192 seconds (JVM running for 8.073)
2018-03-15 10:26:02 [RMI TCP Connection(2)-127.0.0.1] INFO  o.s.b.a.SpringApplicationAdminMXBeanRegistrar$SpringApplicationAdmin - Application shutdown requested.
2018-03-15 10:26:02 [RMI TCP Connection(2)-127.0.0.1] INFO  o.s.b.c.e.AnnotationConfigEmbeddedWebApplicationContext - Closing org.springframework.boot.context.embedded.AnnotationConfigEmbeddedWebApplicationContext@7692d9cc: startup date [Thu Mar 15 10:22:09 KST 2018]; root of context hierarchy
2018-03-15 10:26:02 [RMI TCP Connection(2)-127.0.0.1] INFO  o.s.j.e.a.AnnotationMBeanExporter - Unregistering JMX-exposed beans on shutdown
2018-03-15 10:26:05 [main] INFO  Q_AND_A.QAndAApplication - Starting QAndAApplication on Mango-PC with PID 12216 (C:\Users\Mango\git\QNA\Q_AND_A\target\classes started by Mango in C:\Users\Mango\git\QNA\Q_AND_A)
2018-03-15 10:26:05 [main] INFO  Q_AND_A.QAndAApplication - No active profile set, falling back to default profiles: default
2018-03-15 10:26:05 [main] INFO  o.s.b.c.e.AnnotationConfigEmbeddedWebApplicationContext - Refreshing org.springframework.boot.context.embedded.AnnotationConfigEmbeddedWebApplicationContext@7692d9cc: startup date [Thu Mar 15 10:26:05 KST 2018]; root of context hierarchy
2018-03-15 10:26:08 [main] INFO  o.s.b.c.e.t.TomcatEmbeddedServletContainer - Tomcat initialized with port(s): 9999 (http)
2018-03-15 10:26:08 [main] INFO  o.a.catalina.core.StandardService - Starting service [Tomcat]
2018-03-15 10:26:08 [main] INFO  o.a.catalina.core.StandardEngine - Starting Servlet Engine: Apache Tomcat/8.5.15
2018-03-15 10:26:09 [localhost-startStop-1] INFO  o.a.c.c.C.[.[localhost].[/qanda] - Initializing Spring embedded WebApplicationContext
2018-03-15 10:26:09 [localhost-startStop-1] INFO  o.s.web.context.ContextLoader - Root WebApplicationContext: initialization completed in 3271 ms
2018-03-15 10:26:09 [localhost-startStop-1] INFO  o.s.b.w.s.FilterRegistrationBean - Mapping filter: 'characterEncodingFilter' to: [/*]
2018-03-15 10:26:09 [localhost-startStop-1] INFO  o.s.b.w.s.FilterRegistrationBean - Mapping filter: 'hiddenHttpMethodFilter' to: [/*]
2018-03-15 10:26:09 [localhost-startStop-1] INFO  o.s.b.w.s.FilterRegistrationBean - Mapping filter: 'httpPutFormContentFilter' to: [/*]
2018-03-15 10:26:09 [localhost-startStop-1] INFO  o.s.b.w.s.FilterRegistrationBean - Mapping filter: 'requestContextFilter' to: [/*]
2018-03-15 10:26:09 [localhost-startStop-1] INFO  o.s.b.w.s.DelegatingFilterProxyRegistrationBean - Mapping filter: 'springSecurityFilterChain' to: [/*]
2018-03-15 10:26:09 [localhost-startStop-1] INFO  o.s.b.w.s.ServletRegistrationBean - Mapping servlet: 'dispatcherServlet' to [/]
2018-03-15 10:26:10 [main] INFO  o.s.w.s.m.m.a.RequestMappingHandlerAdapter - Looking for @ControllerAdvice: org.springframework.boot.context.embedded.AnnotationConfigEmbeddedWebApplicationContext@7692d9cc: startup date [Thu Mar 15 10:26:05 KST 2018]; root of context hierarchy
2018-03-15 10:26:11 [main] INFO  o.s.w.s.m.m.a.RequestMappingHandlerMapping - Mapped "{[/Article/teach],methods=[GET]}" onto public java.lang.String Q_AND_A.kh.com.controllers.QnAControllers.QnATeach(javax.servlet.http.HttpServletRequest)
2018-03-15 10:26:11 [main] INFO  o.s.w.s.m.m.a.RequestMappingHandlerMapping - Mapped "{[/error]}" onto public org.springframework.http.ResponseEntity<java.util.Map<java.lang.String, java.lang.Object>> org.springframework.boot.autoconfigure.web.BasicErrorController.error(javax.servlet.http.HttpServletRequest)
2018-03-15 10:26:11 [main] INFO  o.s.w.s.m.m.a.RequestMappingHandlerMapping - Mapped "{[/error],produces=[text/html]}" onto public org.springframework.web.servlet.ModelAndView org.springframework.boot.autoconfigure.web.BasicErrorController.errorHtml(javax.servlet.http.HttpServletRequest,javax.servlet.http.HttpServletResponse)
2018-03-15 10:26:11 [main] INFO  o.s.w.s.h.SimpleUrlHandlerMapping - Root mapping to handler of type [class org.springframework.web.servlet.mvc.ParameterizableViewController]
2018-03-15 10:26:11 [main] INFO  o.s.w.s.h.SimpleUrlHandlerMapping - Mapped URL path [/login/auth] onto handler of type [class org.springframework.web.servlet.mvc.ParameterizableViewController]
2018-03-15 10:26:11 [main] INFO  o.s.w.s.h.SimpleUrlHandlerMapping - Mapped URL path [/resources/**] onto handler of type [class org.springframework.web.servlet.resource.ResourceHttpRequestHandler]
2018-03-15 10:26:11 [main] INFO  o.s.w.s.h.SimpleUrlHandlerMapping - Mapped URL path [/webjars/**] onto handler of type [class org.springframework.web.servlet.resource.ResourceHttpRequestHandler]
2018-03-15 10:26:11 [main] INFO  o.s.w.s.h.SimpleUrlHandlerMapping - Mapped URL path [/**] onto handler of type [class org.springframework.web.servlet.resource.ResourceHttpRequestHandler]
2018-03-15 10:26:11 [main] INFO  o.s.w.s.h.SimpleUrlHandlerMapping - Mapped URL path [/**/favicon.ico] onto handler of type [class org.springframework.web.servlet.resource.ResourceHttpRequestHandler]
2018-03-15 10:26:11 [main] INFO  o.s.b.a.s.AuthenticationManagerConfiguration - 

Using default security password: 71bed29f-7b57-470e-8800-6c59ff333602

2018-03-15 10:26:12 [main] INFO  o.s.s.web.DefaultSecurityFilterChain - Creating filter chain: OrRequestMatcher [requestMatchers=[Ant [pattern='/css/**'], Ant [pattern='/js/**'], Ant [pattern='/images/**'], Ant [pattern='/webjars/**'], Ant [pattern='/**/favicon.ico'], Ant [pattern='/error']]], []
2018-03-15 10:26:12 [main] INFO  o.s.s.web.DefaultSecurityFilterChain - Creating filter chain: Ant [pattern='/resources/**'], []
2018-03-15 10:26:12 [main] INFO  o.s.s.web.DefaultSecurityFilterChain - Creating filter chain: Ant [pattern='/static/**'], []
2018-03-15 10:26:12 [main] INFO  o.s.s.web.DefaultSecurityFilterChain - Creating filter chain: org.springframework.security.web.util.matcher.AnyRequestMatcher@1, [org.springframework.security.web.context.request.async.WebAsyncManagerIntegrationFilter@380e1909, org.springframework.security.web.context.SecurityContextPersistenceFilter@7ff8a9dc, org.springframework.security.web.header.HeaderWriterFilter@650ae78c, org.springframework.security.web.csrf.CsrfFilter@5b3bb1f7, org.springframework.security.web.authentication.logout.LogoutFilter@1507c3c3, org.springframework.security.web.authentication.UsernamePasswordAuthenticationFilter@2149594a, org.springframework.security.web.savedrequest.RequestCacheAwareFilter@534e58b6, org.springframework.security.web.servletapi.SecurityContextHolderAwareRequestFilter@26fb4d06, org.springframework.security.web.authentication.AnonymousAuthenticationFilter@2d5ef498, org.springframework.security.web.session.SessionManagementFilter@79c5460e, org.springframework.security.web.access.ExceptionTranslationFilter@69d45cca, org.springframework.security.web.access.intercept.FilterSecurityInterceptor@7add838c]
2018-03-15 10:26:12 [main] INFO  o.s.s.web.DefaultSecurityFilterChain - Creating filter chain: org.springframework.boot.autoconfigure.security.SpringBootWebSecurityConfiguration$ApplicationNoWebSecurityConfigurerAdapter$1@4fe64d23, [org.springframework.security.web.context.request.async.WebAsyncManagerIntegrationFilter@58437801, org.springframework.security.web.context.SecurityContextPersistenceFilter@37b56ac7, org.springframework.security.web.header.HeaderWriterFilter@1b7332a7, org.springframework.security.web.csrf.CsrfFilter@10db6131, org.springframework.security.web.authentication.logout.LogoutFilter@5399f6c5, org.springframework.security.web.savedrequest.RequestCacheAwareFilter@37c41ec0, org.springframework.security.web.servletapi.SecurityContextHolderAwareRequestFilter@35a0e495, org.springframework.security.web.authentication.AnonymousAuthenticationFilter@6af5bbd0, org.springframework.security.web.session.SessionManagementFilter@77c233af, org.springframework.security.web.access.ExceptionTranslationFilter@506a1372]
2018-03-15 10:26:13 [main] INFO  o.s.j.e.a.AnnotationMBeanExporter - Registering beans for JMX exposure on startup
2018-03-15 10:26:13 [main] INFO  o.s.b.c.e.t.TomcatEmbeddedServletContainer - Tomcat started on port(s): 9999 (http)
2018-03-15 10:26:13 [main] INFO  Q_AND_A.QAndAApplication - Started QAndAApplication in 8.161 seconds (JVM running for 9.068)
2018-03-15 10:28:03 [RMI TCP Connection(2)-127.0.0.1] INFO  o.s.b.a.SpringApplicationAdminMXBeanRegistrar$SpringApplicationAdmin - Application shutdown requested.
2018-03-15 10:28:03 [RMI TCP Connection(2)-127.0.0.1] INFO  o.s.b.c.e.AnnotationConfigEmbeddedWebApplicationContext - Closing org.springframework.boot.context.embedded.AnnotationConfigEmbeddedWebApplicationContext@7692d9cc: startup date [Thu Mar 15 10:26:05 KST 2018]; root of context hierarchy
2018-03-15 10:28:03 [RMI TCP Connection(2)-127.0.0.1] INFO  o.s.j.e.a.AnnotationMBeanExporter - Unregistering JMX-exposed beans on shutdown
