2018-03-13 15:39:53.861  INFO 14568 --- [RMI TCP Connection(2)-127.0.0.1] inMXBeanRegistrar$SpringApplicationAdmin : Application shutdown requested.
2018-03-13 15:39:53.861  INFO 14568 --- [RMI TCP Connection(2)-127.0.0.1] ationConfigEmbeddedWebApplicationContext : Closing org.springframework.boot.context.embedded.AnnotationConfigEmbeddedWebApplicationContext@7692d9cc: startup date [Tue Mar 13 15:37:18 KST 2018]; root of context hierarchy
2018-03-13 15:39:53.864  INFO 14568 --- [RMI TCP Connection(2)-127.0.0.1] o.s.j.e.a.AnnotationMBeanExporter        : Unregistering JMX-exposed beans on shutdown
2018-03-13 15:39:57.076  INFO 692 --- [main] Q_AND_A.QAndAApplication                 : Starting QAndAApplication on Mango-PC with PID 692 (C:\Users\Mango\git\QNA\Q_AND_A\target\classes started by Mango in C:\Users\Mango\git\QNA\Q_AND_A)
2018-03-13 15:39:57.080  INFO 692 --- [main] Q_AND_A.QAndAApplication                 : No active profile set, falling back to default profiles: default
2018-03-13 15:39:57.659  INFO 692 --- [main] ationConfigEmbeddedWebApplicationContext : Refreshing org.springframework.boot.context.embedded.AnnotationConfigEmbeddedWebApplicationContext@7692d9cc: startup date [Tue Mar 13 15:39:57 KST 2018]; root of context hierarchy
2018-03-13 15:40:00.213  INFO 692 --- [main] s.b.c.e.t.TomcatEmbeddedServletContainer : Tomcat initialized with port(s): 9999 (http)
2018-03-13 15:40:00.230  INFO 692 --- [main] o.apache.catalina.core.StandardService   : Starting service [Tomcat]
2018-03-13 15:40:00.232  INFO 692 --- [main] org.apache.catalina.core.StandardEngine  : Starting Servlet Engine: Apache Tomcat/8.5.15
2018-03-13 15:40:00.470  INFO 692 --- [localhost-startStop-1] o.a.c.c.C.[Tomcat].[localhost].[/qanda]  : Initializing Spring embedded WebApplicationContext
2018-03-13 15:40:00.470  INFO 692 --- [localhost-startStop-1] o.s.web.context.ContextLoader            : Root WebApplicationContext: initialization completed in 2816 ms
2018-03-13 15:40:00.761  INFO 692 --- [localhost-startStop-1] o.s.b.w.servlet.FilterRegistrationBean   : Mapping filter: 'characterEncodingFilter' to: [/*]
2018-03-13 15:40:00.762  INFO 692 --- [localhost-startStop-1] o.s.b.w.servlet.FilterRegistrationBean   : Mapping filter: 'hiddenHttpMethodFilter' to: [/*]
2018-03-13 15:40:00.762  INFO 692 --- [localhost-startStop-1] o.s.b.w.servlet.FilterRegistrationBean   : Mapping filter: 'httpPutFormContentFilter' to: [/*]
2018-03-13 15:40:00.762  INFO 692 --- [localhost-startStop-1] o.s.b.w.servlet.FilterRegistrationBean   : Mapping filter: 'requestContextFilter' to: [/*]
2018-03-13 15:40:00.764  INFO 692 --- [localhost-startStop-1] .s.DelegatingFilterProxyRegistrationBean : Mapping filter: 'springSecurityFilterChain' to: [/*]
2018-03-13 15:40:00.764  INFO 692 --- [localhost-startStop-1] o.s.b.w.servlet.ServletRegistrationBean  : Mapping servlet: 'dispatcherServlet' to [/]
2018-03-13 15:40:01.978  INFO 692 --- [main] s.w.s.m.m.a.RequestMappingHandlerAdapter : Looking for @ControllerAdvice: org.springframework.boot.context.embedded.AnnotationConfigEmbeddedWebApplicationContext@7692d9cc: startup date [Tue Mar 13 15:39:57 KST 2018]; root of context hierarchy
2018-03-13 15:40:02.097  INFO 692 --- [main] s.w.s.m.m.a.RequestMappingHandlerMapping : Mapped "{[/Article/teach],methods=[GET]}" onto public java.lang.String Q_AND_A.kh.com.controllers.QnAControllers.QnATeach(javax.servlet.http.HttpServletRequest)
2018-03-13 15:40:02.104  INFO 692 --- [main] s.w.s.m.m.a.RequestMappingHandlerMapping : Mapped "{[/error]}" onto public org.springframework.http.ResponseEntity<java.util.Map<java.lang.String, java.lang.Object>> org.springframework.boot.autoconfigure.web.BasicErrorController.error(javax.servlet.http.HttpServletRequest)
2018-03-13 15:40:02.105  INFO 692 --- [main] s.w.s.m.m.a.RequestMappingHandlerMapping : Mapped "{[/error],produces=[text/html]}" onto public org.springframework.web.servlet.ModelAndView org.springframework.boot.autoconfigure.web.BasicErrorController.errorHtml(javax.servlet.http.HttpServletRequest,javax.servlet.http.HttpServletResponse)
2018-03-13 15:40:02.138  INFO 692 --- [main] o.s.w.s.handler.SimpleUrlHandlerMapping  : Root mapping to handler of type [class org.springframework.web.servlet.mvc.ParameterizableViewController]
2018-03-13 15:40:02.139  INFO 692 --- [main] o.s.w.s.handler.SimpleUrlHandlerMapping  : Mapped URL path [/login/auth] onto handler of type [class org.springframework.web.servlet.mvc.ParameterizableViewController]
2018-03-13 15:40:02.160  INFO 692 --- [main] o.s.w.s.handler.SimpleUrlHandlerMapping  : Mapped URL path [/resources/**] onto handler of type [class org.springframework.web.servlet.resource.ResourceHttpRequestHandler]
2018-03-13 15:40:02.160  INFO 692 --- [main] o.s.w.s.handler.SimpleUrlHandlerMapping  : Mapped URL path [/webjars/**] onto handler of type [class org.springframework.web.servlet.resource.ResourceHttpRequestHandler]
2018-03-13 15:40:02.161  INFO 692 --- [main] o.s.w.s.handler.SimpleUrlHandlerMapping  : Mapped URL path [/**] onto handler of type [class org.springframework.web.servlet.resource.ResourceHttpRequestHandler]
2018-03-13 15:40:02.275  INFO 692 --- [main] o.s.w.s.handler.SimpleUrlHandlerMapping  : Mapped URL path [/**/favicon.ico] onto handler of type [class org.springframework.web.servlet.resource.ResourceHttpRequestHandler]
2018-03-13 15:40:02.728  INFO 692 --- [main] b.a.s.AuthenticationManagerConfiguration : 

Using default security password: 78900656-db3b-43c2-b15a-dc32b6a58f59

2018-03-13 15:40:02.829  INFO 692 --- [main] o.s.s.web.DefaultSecurityFilterChain     : Creating filter chain: OrRequestMatcher [requestMatchers=[Ant [pattern='/css/**'], Ant [pattern='/js/**'], Ant [pattern='/images/**'], Ant [pattern='/webjars/**'], Ant [pattern='/**/favicon.ico'], Ant [pattern='/error']]], []
2018-03-13 15:40:02.830  INFO 692 --- [main] o.s.s.web.DefaultSecurityFilterChain     : Creating filter chain: Ant [pattern='/resources/**'], []
2018-03-13 15:40:02.830  INFO 692 --- [main] o.s.s.web.DefaultSecurityFilterChain     : Creating filter chain: Ant [pattern='/static/**'], []
2018-03-13 15:40:02.968  INFO 692 --- [main] o.s.s.web.DefaultSecurityFilterChain     : Creating filter chain: org.springframework.security.web.util.matcher.AnyRequestMatcher@1, [org.springframework.security.web.context.request.async.WebAsyncManagerIntegrationFilter@58437801, org.springframework.security.web.context.SecurityContextPersistenceFilter@1507c3c3, org.springframework.security.web.header.HeaderWriterFilter@26fb4d06, org.springframework.security.web.csrf.CsrfFilter@4190bc8a, org.springframework.security.web.authentication.logout.LogoutFilter@4f0cab0a, org.springframework.security.web.authentication.UsernamePasswordAuthenticationFilter@37b56ac7, org.springframework.security.web.savedrequest.RequestCacheAwareFilter@c29fe36, org.springframework.security.web.servletapi.SecurityContextHolderAwareRequestFilter@6a2c717f, org.springframework.security.web.authentication.AnonymousAuthenticationFilter@6af5bbd0, org.springframework.security.web.session.SessionManagementFilter@6e43ddd6, org.springframework.security.web.access.ExceptionTranslationFilter@22a10ac6, org.springframework.security.web.access.intercept.FilterSecurityInterceptor@380e1909]
2018-03-13 15:40:02.971  INFO 692 --- [main] o.s.s.web.DefaultSecurityFilterChain     : Creating filter chain: org.springframework.boot.autoconfigure.security.SpringBootWebSecurityConfiguration$ApplicationNoWebSecurityConfigurerAdapter$1@106d77da, [org.springframework.security.web.context.request.async.WebAsyncManagerIntegrationFilter@6f9c5048, org.springframework.security.web.context.SecurityContextPersistenceFilter@7b66322e, org.springframework.security.web.header.HeaderWriterFilter@43a09ce2, org.springframework.security.web.csrf.CsrfFilter@f1868c9, org.springframework.security.web.authentication.logout.LogoutFilter@5a50d9fc, org.springframework.security.web.savedrequest.RequestCacheAwareFilter@63538bb4, org.springframework.security.web.servletapi.SecurityContextHolderAwareRequestFilter@24534cb0, org.springframework.security.web.authentication.AnonymousAuthenticationFilter@5114b7c7, org.springframework.security.web.session.SessionManagementFilter@3f183caa, org.springframework.security.web.access.ExceptionTranslationFilter@fb2e3fd]
2018-03-13 15:40:03.770  INFO 692 --- [main] o.s.j.e.a.AnnotationMBeanExporter        : Registering beans for JMX exposure on startup
2018-03-13 15:40:03.864  INFO 692 --- [main] s.b.c.e.t.TomcatEmbeddedServletContainer : Tomcat started on port(s): 9999 (http)
2018-03-13 15:40:03.873  INFO 692 --- [main] Q_AND_A.QAndAApplication                 : Started QAndAApplication in 7.239 seconds (JVM running for 8.113)
2018-03-13 15:41:39.939  INFO 692 --- [RMI TCP Connection(2)-127.0.0.1] inMXBeanRegistrar$SpringApplicationAdmin : Application shutdown requested.
2018-03-13 15:41:39.939  INFO 692 --- [RMI TCP Connection(2)-127.0.0.1] ationConfigEmbeddedWebApplicationContext : Closing org.springframework.boot.context.embedded.AnnotationConfigEmbeddedWebApplicationContext@7692d9cc: startup date [Tue Mar 13 15:39:57 KST 2018]; root of context hierarchy
2018-03-13 15:41:39.942  INFO 692 --- [RMI TCP Connection(2)-127.0.0.1] o.s.j.e.a.AnnotationMBeanExporter        : Unregistering JMX-exposed beans on shutdown
2018-03-13 15:41:43 [main] INFO  Q_AND_A.QAndAApplication - Starting QAndAApplication on Mango-PC with PID 11724 (C:\Users\Mango\git\QNA\Q_AND_A\target\classes started by Mango in C:\Users\Mango\git\QNA\Q_AND_A)
2018-03-13 15:41:43 [main] INFO  Q_AND_A.QAndAApplication - No active profile set, falling back to default profiles: default
2018-03-13 15:41:43 [main] INFO  o.s.b.c.e.AnnotationConfigEmbeddedWebApplicationContext - Refreshing org.springframework.boot.context.embedded.AnnotationConfigEmbeddedWebApplicationContext@7692d9cc: startup date [Tue Mar 13 15:41:43 KST 2018]; root of context hierarchy
2018-03-13 15:41:45 [main] INFO  o.s.b.c.e.t.TomcatEmbeddedServletContainer - Tomcat initialized with port(s): 9999 (http)
2018-03-13 15:41:45 [main] INFO  o.a.catalina.core.StandardService - Starting service [Tomcat]
2018-03-13 15:41:45 [main] INFO  o.a.catalina.core.StandardEngine - Starting Servlet Engine: Apache Tomcat/8.5.15
2018-03-13 15:41:46 [localhost-startStop-1] INFO  o.a.c.c.C.[.[localhost].[/qanda] - Initializing Spring embedded WebApplicationContext
2018-03-13 15:41:46 [localhost-startStop-1] INFO  o.s.web.context.ContextLoader - Root WebApplicationContext: initialization completed in 2714 ms
2018-03-13 15:41:46 [localhost-startStop-1] INFO  o.s.b.w.s.FilterRegistrationBean - Mapping filter: 'characterEncodingFilter' to: [/*]
2018-03-13 15:41:46 [localhost-startStop-1] INFO  o.s.b.w.s.FilterRegistrationBean - Mapping filter: 'hiddenHttpMethodFilter' to: [/*]
2018-03-13 15:41:46 [localhost-startStop-1] INFO  o.s.b.w.s.FilterRegistrationBean - Mapping filter: 'httpPutFormContentFilter' to: [/*]
2018-03-13 15:41:46 [localhost-startStop-1] INFO  o.s.b.w.s.FilterRegistrationBean - Mapping filter: 'requestContextFilter' to: [/*]
2018-03-13 15:41:46 [localhost-startStop-1] INFO  o.s.b.w.s.DelegatingFilterProxyRegistrationBean - Mapping filter: 'springSecurityFilterChain' to: [/*]
2018-03-13 15:41:46 [localhost-startStop-1] INFO  o.s.b.w.s.ServletRegistrationBean - Mapping servlet: 'dispatcherServlet' to [/]
2018-03-13 15:41:47 [main] INFO  o.s.w.s.m.m.a.RequestMappingHandlerAdapter - Looking for @ControllerAdvice: org.springframework.boot.context.embedded.AnnotationConfigEmbeddedWebApplicationContext@7692d9cc: startup date [Tue Mar 13 15:41:43 KST 2018]; root of context hierarchy
2018-03-13 15:41:47 [main] INFO  o.s.w.s.m.m.a.RequestMappingHandlerMapping - Mapped "{[/Article/teach],methods=[GET]}" onto public java.lang.String Q_AND_A.kh.com.controllers.QnAControllers.QnATeach(javax.servlet.http.HttpServletRequest)
2018-03-13 15:41:47 [main] INFO  o.s.w.s.m.m.a.RequestMappingHandlerMapping - Mapped "{[/error]}" onto public org.springframework.http.ResponseEntity<java.util.Map<java.lang.String, java.lang.Object>> org.springframework.boot.autoconfigure.web.BasicErrorController.error(javax.servlet.http.HttpServletRequest)
2018-03-13 15:41:47 [main] INFO  o.s.w.s.m.m.a.RequestMappingHandlerMapping - Mapped "{[/error],produces=[text/html]}" onto public org.springframework.web.servlet.ModelAndView org.springframework.boot.autoconfigure.web.BasicErrorController.errorHtml(javax.servlet.http.HttpServletRequest,javax.servlet.http.HttpServletResponse)
2018-03-13 15:41:47 [main] INFO  o.s.w.s.h.SimpleUrlHandlerMapping - Root mapping to handler of type [class org.springframework.web.servlet.mvc.ParameterizableViewController]
2018-03-13 15:41:47 [main] INFO  o.s.w.s.h.SimpleUrlHandlerMapping - Mapped URL path [/login/auth] onto handler of type [class org.springframework.web.servlet.mvc.ParameterizableViewController]
2018-03-13 15:41:47 [main] INFO  o.s.w.s.h.SimpleUrlHandlerMapping - Mapped URL path [/resources/**] onto handler of type [class org.springframework.web.servlet.resource.ResourceHttpRequestHandler]
2018-03-13 15:41:47 [main] INFO  o.s.w.s.h.SimpleUrlHandlerMapping - Mapped URL path [/webjars/**] onto handler of type [class org.springframework.web.servlet.resource.ResourceHttpRequestHandler]
2018-03-13 15:41:47 [main] INFO  o.s.w.s.h.SimpleUrlHandlerMapping - Mapped URL path [/**] onto handler of type [class org.springframework.web.servlet.resource.ResourceHttpRequestHandler]
2018-03-13 15:41:48 [main] INFO  o.s.w.s.h.SimpleUrlHandlerMapping - Mapped URL path [/**/favicon.ico] onto handler of type [class org.springframework.web.servlet.resource.ResourceHttpRequestHandler]
2018-03-13 15:41:48 [main] INFO  o.s.b.a.s.AuthenticationManagerConfiguration - 

Using default security password: e0cfb112-11ed-46fb-b102-a4865978db66

2018-03-13 15:41:48 [main] INFO  o.s.s.web.DefaultSecurityFilterChain - Creating filter chain: OrRequestMatcher [requestMatchers=[Ant [pattern='/css/**'], Ant [pattern='/js/**'], Ant [pattern='/images/**'], Ant [pattern='/webjars/**'], Ant [pattern='/**/favicon.ico'], Ant [pattern='/error']]], []
2018-03-13 15:41:48 [main] INFO  o.s.s.web.DefaultSecurityFilterChain - Creating filter chain: Ant [pattern='/resources/**'], []
2018-03-13 15:41:48 [main] INFO  o.s.s.web.DefaultSecurityFilterChain - Creating filter chain: Ant [pattern='/static/**'], []
2018-03-13 15:41:48 [main] INFO  o.s.s.web.DefaultSecurityFilterChain - Creating filter chain: org.springframework.security.web.util.matcher.AnyRequestMatcher@1, [org.springframework.security.web.context.request.async.WebAsyncManagerIntegrationFilter@6af5bbd0, org.springframework.security.web.context.SecurityContextPersistenceFilter@655a01d8, org.springframework.security.web.header.HeaderWriterFilter@c269425, org.springframework.security.web.csrf.CsrfFilter@47d023b7, org.springframework.security.web.authentication.logout.LogoutFilter@fe7b6b0, org.springframework.security.web.authentication.UsernamePasswordAuthenticationFilter@37c41ec0, org.springframework.security.web.savedrequest.RequestCacheAwareFilter@6614bd4b, org.springframework.security.web.servletapi.SecurityContextHolderAwareRequestFilter@41853299, org.springframework.security.web.authentication.AnonymousAuthenticationFilter@76464795, org.springframework.security.web.session.SessionManagementFilter@51d719bc, org.springframework.security.web.access.ExceptionTranslationFilter@12fe1f28, org.springframework.security.web.access.intercept.FilterSecurityInterceptor@2d5ef498]
2018-03-13 15:41:48 [main] INFO  o.s.s.web.DefaultSecurityFilterChain - Creating filter chain: org.springframework.boot.autoconfigure.security.SpringBootWebSecurityConfiguration$ApplicationNoWebSecurityConfigurerAdapter$1@6f9c5048, [org.springframework.security.web.context.request.async.WebAsyncManagerIntegrationFilter@5114b7c7, org.springframework.security.web.context.SecurityContextPersistenceFilter@63538bb4, org.springframework.security.web.header.HeaderWriterFilter@3f183caa, org.springframework.security.web.csrf.CsrfFilter@4ba6ec50, org.springframework.security.web.authentication.logout.LogoutFilter@106d77da, org.springframework.security.web.savedrequest.RequestCacheAwareFilter@24534cb0, org.springframework.security.web.servletapi.SecurityContextHolderAwareRequestFilter@5a50d9fc, org.springframework.security.web.authentication.AnonymousAuthenticationFilter@dd71b20, org.springframework.security.web.session.SessionManagementFilter@7b66322e, org.springframework.security.web.access.ExceptionTranslationFilter@43a09ce2]
2018-03-13 15:41:49 [main] INFO  o.s.j.e.a.AnnotationMBeanExporter - Registering beans for JMX exposure on startup
2018-03-13 15:41:49 [main] INFO  o.s.b.c.e.t.TomcatEmbeddedServletContainer - Tomcat started on port(s): 9999 (http)
2018-03-13 15:41:49 [main] INFO  Q_AND_A.QAndAApplication - Started QAndAApplication in 7.308 seconds (JVM running for 8.208)
2018-03-13 15:42:45 [http-nio-9999-exec-2] INFO  o.a.c.c.C.[.[localhost].[/qanda] - Initializing Spring FrameworkServlet 'dispatcherServlet'
2018-03-13 15:42:45 [http-nio-9999-exec-2] INFO  o.s.web.servlet.DispatcherServlet - FrameworkServlet 'dispatcherServlet': initialization started
2018-03-13 15:42:45 [http-nio-9999-exec-2] INFO  o.s.web.servlet.DispatcherServlet - FrameworkServlet 'dispatcherServlet': initialization completed in 40 ms
2018-03-13 15:42:48 [http-nio-9999-exec-6] INFO  Q.k.c.configuration.QAConfiguration -  Path ::::::::::: http://localhost:9999/qanda/Article/teach
